TN:
SF:src\instrument.ts
FN:22,(anonymous_9)
FNF:1
FNH:0
FNDA:0,(anonymous_9)
DA:1,0
DA:4,0
DA:23,0
DA:24,0
DA:25,0
DA:27,0
LF:6
LH:0
BRDA:6,0,0,0
BRDA:6,0,1,0
BRDA:9,1,0,0
BRDA:9,1,1,0
BRDA:12,2,0,0
BRDA:12,2,1,0
BRDA:23,3,0,0
BRDA:23,4,0,0
BRDA:23,4,1,0
BRDA:23,5,0,0
BRDA:23,5,1,0
BRF:11
BRH:0
end_of_record
TN:
SF:src\server.ts
FN:9,(anonymous_1)
FNF:1
FNH:0
FNDA:0,(anonymous_1)
DA:1,0
DA:2,0
DA:4,0
DA:7,0
DA:8,0
DA:9,0
DA:11,0
LF:7
LH:0
BRDA:4,0,0,0
BRDA:4,0,1,0
BRDA:7,1,0,0
BRF:3
BRH:0
end_of_record
TN:
SF:src\controllers\auth.controller.ts
FN:14,(anonymous_8)
FN:27,(anonymous_9)
FN:27,(anonymous_10)
FN:72,(anonymous_11)
FN:72,(anonymous_12)
FN:117,(anonymous_13)
FN:117,(anonymous_14)
FN:136,(anonymous_15)
FN:136,(anonymous_16)
FN:172,(anonymous_17)
FN:172,(anonymous_18)
FN:210,(anonymous_19)
FN:210,(anonymous_20)
FN:242,(anonymous_21)
FN:242,(anonymous_22)
FN:274,(anonymous_23)
FN:274,(anonymous_24)
FNF:17
FNH:0
FNDA:0,(anonymous_8)
FNDA:0,(anonymous_9)
FNDA:0,(anonymous_10)
FNDA:0,(anonymous_11)
FNDA:0,(anonymous_12)
FNDA:0,(anonymous_13)
FNDA:0,(anonymous_14)
FNDA:0,(anonymous_15)
FNDA:0,(anonymous_16)
FNDA:0,(anonymous_17)
FNDA:0,(anonymous_18)
FNDA:0,(anonymous_19)
FNDA:0,(anonymous_20)
FNDA:0,(anonymous_21)
FNDA:0,(anonymous_22)
FNDA:0,(anonymous_23)
FNDA:0,(anonymous_24)
DA:2,0
DA:3,0
DA:5,0
DA:10,0
DA:14,0
DA:17,0
DA:27,0
DA:28,0
DA:30,0
DA:37,0
DA:39,0
DA:45,0
DA:51,0
DA:61,0
DA:62,0
DA:67,0
DA:72,0
DA:73,0
DA:75,0
DA:82,0
DA:90,0
DA:96,0
DA:102,0
DA:112,0
DA:117,0
DA:118,0
DA:120,0
DA:121,0
DA:123,0
DA:124,0
DA:126,0
DA:131,0
DA:136,0
DA:137,0
DA:142,0
DA:144,0
DA:146,0
DA:148,0
DA:154,0
DA:160,0
DA:167,0
DA:172,0
DA:173,0
DA:179,0
DA:180,0
DA:186,0
DA:192,0
DA:193,0
DA:200,0
DA:205,0
DA:210,0
DA:211,0
DA:213,0
DA:214,0
DA:220,0
DA:226,0
DA:228,0
DA:233,0
DA:234,0
DA:236,0
DA:242,0
DA:243,0
DA:245,0
DA:246,0
DA:252,0
DA:258,0
DA:260,0
DA:265,0
DA:266,0
DA:268,0
DA:274,0
DA:275,0
DA:277,0
DA:278,0
DA:284,0
DA:290,0
DA:292,0
DA:297,0
DA:298,0
DA:300,0
DA:306,0
DA:307,0
DA:308,0
DA:309,0
DA:310,0
DA:311,0
DA:312,0
DA:313,0
LF:88
LH:0
BRDA:10,0,0,0
BRDA:10,0,1,0
BRDA:16,1,0,0
BRDA:19,2,0,0
BRDA:19,2,1,0
BRDA:23,3,0,0
BRDA:23,3,1,0
BRDA:63,4,0,0
BRDA:63,4,1,0
BRDA:64,5,0,0
BRDA:64,5,1,0
BRDA:65,6,0,0
BRDA:65,6,1,0
BRDA:192,7,0,0
BRDA:233,8,0,0
BRDA:233,8,1,0
BRDA:265,9,0,0
BRDA:265,9,1,0
BRDA:297,10,0,0
BRDA:297,10,1,0
BRF:20
BRH:0
end_of_record
TN:
SF:src\controllers\customerEstimateRequest.controller.ts
FN:8,(anonymous_8)
FN:12,(anonymous_9)
FN:44,(anonymous_10)
FN:48,(anonymous_11)
FN:90,(anonymous_12)
FN:94,(anonymous_13)
FN:136,(anonymous_14)
FN:140,(anonymous_15)
FN:182,(anonymous_16)
FN:186,(anonymous_17)
FNF:10
FNH:0
FNDA:0,(anonymous_8)
FNDA:0,(anonymous_9)
FNDA:0,(anonymous_10)
FNDA:0,(anonymous_11)
FNDA:0,(anonymous_12)
FNDA:0,(anonymous_13)
FNDA:0,(anonymous_14)
FNDA:0,(anonymous_15)
FNDA:0,(anonymous_16)
FNDA:0,(anonymous_17)
DA:2,0
DA:3,0
DA:4,0
DA:6,0
DA:12,0
DA:13,0
DA:14,0
DA:16,0
DA:17,0
DA:21,0
DA:24,0
DA:30,0
DA:31,0
DA:37,0
DA:39,0
DA:48,0
DA:49,0
DA:50,0
DA:52,0
DA:53,0
DA:57,0
DA:61,0
DA:67,0
DA:68,0
DA:74,0
DA:76,0
DA:77,0
DA:83,0
DA:85,0
DA:94,0
DA:95,0
DA:96,0
DA:97,0
DA:99,0
DA:100,0
DA:103,0
DA:104,0
DA:108,0
DA:111,0
DA:116,0
DA:122,0
DA:123,0
DA:129,0
DA:131,0
DA:140,0
DA:141,0
DA:142,0
DA:143,0
DA:145,0
DA:146,0
DA:149,0
DA:150,0
DA:154,0
DA:157,0
DA:162,0
DA:168,0
DA:169,0
DA:175,0
DA:177,0
DA:186,0
DA:187,0
DA:188,0
DA:189,0
DA:191,0
DA:192,0
DA:195,0
DA:196,0
DA:200,0
DA:203,0
DA:208,0
DA:214,0
DA:215,0
DA:221,0
DA:223,0
DA:228,0
LF:75
LH:0
BRDA:14,0,0,0
BRDA:14,0,1,0
BRDA:14,1,0,0
BRDA:14,1,1,0
BRDA:16,2,0,0
BRDA:16,3,0,0
BRDA:16,3,1,0
BRDA:30,4,0,0
BRDA:50,5,0,0
BRDA:50,5,1,0
BRDA:50,6,0,0
BRDA:50,6,1,0
BRDA:52,7,0,0
BRDA:52,8,0,0
BRDA:52,8,1,0
BRDA:67,9,0,0
BRDA:71,10,0,0
BRDA:71,10,1,0
BRDA:76,11,0,0
BRDA:96,12,0,0
BRDA:96,12,1,0
BRDA:96,13,0,0
BRDA:96,13,1,0
BRDA:99,14,0,0
BRDA:99,15,0,0
BRDA:99,15,1,0
BRDA:103,16,0,0
BRDA:103,17,0,0
BRDA:103,17,1,0
BRDA:122,18,0,0
BRDA:142,19,0,0
BRDA:142,19,1,0
BRDA:142,20,0,0
BRDA:142,20,1,0
BRDA:145,21,0,0
BRDA:145,22,0,0
BRDA:145,22,1,0
BRDA:149,23,0,0
BRDA:149,24,0,0
BRDA:149,24,1,0
BRDA:168,25,0,0
BRDA:188,26,0,0
BRDA:188,26,1,0
BRDA:188,27,0,0
BRDA:188,27,1,0
BRDA:191,28,0,0
BRDA:191,29,0,0
BRDA:191,29,1,0
BRDA:195,30,0,0
BRDA:195,31,0,0
BRDA:195,31,1,0
BRDA:214,32,0,0
BRF:52
BRH:0
end_of_record
TN:
SF:src\controllers\estimateRequest.controller.ts
FN:21,(anonymous_17)
FN:28,(anonymous_18)
FN:34,(anonymous_19)
FN:41,(anonymous_21)
FN:48,(anonymous_23)
FN:57,(anonymous_24)
FN:66,(anonymous_25)
FN:100,(anonymous_26)
FN:130,(anonymous_27)
FN:152,(anonymous_28)
FN:220,(anonymous_30)
FN:256,(anonymous_32)
FN:346,(anonymous_34)
FNF:13
FNH:0
FNDA:0,(anonymous_17)
FNDA:0,(anonymous_18)
FNDA:0,(anonymous_19)
FNDA:0,(anonymous_21)
FNDA:0,(anonymous_23)
FNDA:0,(anonymous_24)
FNDA:0,(anonymous_25)
FNDA:0,(anonymous_26)
FNDA:0,(anonymous_27)
FNDA:0,(anonymous_28)
FNDA:0,(anonymous_30)
FNDA:0,(anonymous_32)
FNDA:0,(anonymous_34)
DA:2,0
DA:3,0
DA:4,0
DA:5,0
DA:18,0
DA:22,0
DA:23,0
DA:25,0
DA:29,0
DA:30,0
DA:35,0
DA:36,0
DA:37,0
DA:42,0
DA:43,0
DA:44,0
DA:49,0
DA:50,0
DA:52,0
DA:53,0
DA:58,0
DA:59,0
DA:61,0
DA:62,0
DA:67,0
DA:69,0
DA:70,0
DA:73,0
DA:74,0
DA:76,0
DA:77,0
DA:81,0
DA:82,0
DA:84,0
DA:85,0
DA:89,0
DA:90,0
DA:93,0
DA:94,0
DA:97,0
DA:101,0
DA:103,0
DA:104,0
DA:107,0
DA:108,0
DA:109,0
DA:111,0
DA:112,0
DA:117,0
DA:118,0
DA:119,0
DA:121,0
DA:122,0
DA:127,0
DA:131,0
DA:153,0
DA:154,0
DA:155,0
DA:156,0
DA:157,0
DA:159,0
DA:160,0
DA:161,0
DA:164,0
DA:166,0
DA:174,0
DA:175,0
DA:181,0
DA:190,0
DA:192,0
DA:194,0
DA:201,0
DA:214,0
DA:215,0
DA:216,0
DA:221,0
DA:222,0
DA:223,0
DA:224,0
DA:226,0
DA:227,0
DA:228,0
DA:230,0
DA:231,0
DA:232,0
DA:234,0
DA:238,0
DA:250,0
DA:251,0
DA:252,0
DA:257,0
DA:258,0
DA:259,0
DA:260,0
DA:261,0
DA:263,0
DA:264,0
DA:265,0
DA:271,0
DA:272,0
DA:273,0
DA:279,0
DA:280,0
DA:281,0
DA:284,0
DA:285,0
DA:291,0
DA:293,0
DA:301,0
DA:302,0
DA:308,0
DA:316,0
DA:318,0
DA:320,0
DA:327,0
DA:340,0
DA:341,0
DA:342,0
DA:347,0
DA:348,0
DA:349,0
DA:350,0
DA:351,0
DA:353,0
DA:354,0
DA:355,0
DA:361,0
DA:362,0
DA:363,0
DA:369,0
DA:370,0
DA:371,0
DA:374,0
DA:375,0
DA:381,0
DA:382,0
DA:385,0
DA:397,0
DA:398,0
DA:399,0
DA:404,0
LF:141
LH:0
BRDA:22,0,0,0
BRDA:22,1,0,0
BRDA:22,1,1,0
BRDA:29,2,0,0
BRDA:29,3,0,0
BRDA:29,3,1,0
BRDA:29,3,2,0
BRDA:36,4,0,0
BRDA:43,5,0,0
BRDA:52,6,0,0
BRDA:58,7,0,0
BRDA:58,7,1,0
BRDA:58,8,0,0
BRDA:58,8,1,0
BRDA:58,9,0,0
BRDA:58,9,1,0
BRDA:58,10,0,0
BRDA:58,10,1,0
BRDA:58,11,0,0
BRDA:58,11,1,0
BRDA:58,12,0,0
BRDA:58,12,1,0
BRDA:59,13,0,0
BRDA:59,13,1,0
BRDA:59,14,0,0
BRDA:59,14,1,0
BRDA:59,15,0,0
BRDA:59,15,1,0
BRDA:59,16,0,0
BRDA:59,16,1,0
BRDA:59,17,0,0
BRDA:59,17,1,0
BRDA:59,18,0,0
BRDA:59,18,1,0
BRDA:61,19,0,0
BRDA:61,20,0,0
BRDA:61,20,1,0
BRDA:69,21,0,0
BRDA:76,22,0,0
BRDA:84,23,0,0
BRDA:89,24,0,0
BRDA:89,25,0,0
BRDA:89,25,1,0
BRDA:89,26,0,0
BRDA:89,26,1,0
BRDA:89,27,0,0
BRDA:89,27,1,0
BRDA:89,28,0,0
BRDA:89,28,1,0
BRDA:93,29,0,0
BRDA:93,30,0,0
BRDA:93,30,1,0
BRDA:93,31,0,0
BRDA:93,31,1,0
BRDA:93,32,0,0
BRDA:93,32,1,0
BRDA:93,33,0,0
BRDA:93,33,1,0
BRDA:103,34,0,0
BRDA:103,35,0,0
BRDA:103,35,1,0
BRDA:107,36,0,0
BRDA:111,37,0,0
BRDA:117,38,0,0
BRDA:117,39,0,0
BRDA:117,39,1,0
BRDA:121,40,0,0
BRDA:135,41,0,0
BRDA:135,41,1,0
BRDA:138,42,0,0
BRDA:138,42,1,0
BRDA:141,43,0,0
BRDA:141,43,1,0
BRDA:141,44,0,0
BRDA:141,44,1,0
BRDA:141,45,0,0
BRDA:141,45,1,0
BRDA:142,46,0,0
BRDA:142,46,1,0
BRDA:142,47,0,0
BRDA:142,47,1,0
BRDA:142,48,0,0
BRDA:142,48,1,0
BRDA:143,49,0,0
BRDA:143,49,1,0
BRDA:143,50,0,0
BRDA:143,50,1,0
BRDA:143,51,0,0
BRDA:143,51,1,0
BRDA:144,52,0,0
BRDA:144,52,1,0
BRDA:144,53,0,0
BRDA:144,53,1,0
BRDA:144,54,0,0
BRDA:144,54,1,0
BRDA:145,55,0,0
BRDA:145,55,1,0
BRDA:147,56,0,0
BRDA:147,56,1,0
BRDA:148,57,0,0
BRDA:148,57,1,0
BRDA:160,58,0,0
BRDA:174,59,0,0
BRDA:197,60,0,0
BRDA:197,60,1,0
BRDA:203,61,0,0
BRDA:203,61,1,0
BRDA:203,62,0,0
BRDA:203,62,1,0
BRDA:210,63,0,0
BRDA:210,63,1,0
BRDA:210,64,0,0
BRDA:210,64,1,0
BRDA:210,65,0,0
BRDA:210,65,1,0
BRDA:214,66,0,0
BRDA:214,66,1,0
BRDA:215,67,0,0
BRDA:215,67,1,0
BRDA:215,68,0,0
BRDA:215,68,1,0
BRDA:228,69,0,0
BRDA:228,69,1,0
BRDA:230,70,0,0
BRDA:230,70,1,0
BRDA:230,71,0,0
BRDA:230,71,1,0
BRDA:240,72,0,0
BRDA:240,72,1,0
BRDA:240,73,0,0
BRDA:240,73,1,0
BRDA:246,74,0,0
BRDA:246,74,1,0
BRDA:246,75,0,0
BRDA:246,75,1,0
BRDA:246,76,0,0
BRDA:246,76,1,0
BRDA:250,77,0,0
BRDA:250,77,1,0
BRDA:251,78,0,0
BRDA:251,78,1,0
BRDA:251,79,0,0
BRDA:251,79,1,0
BRDA:264,80,0,0
BRDA:272,81,0,0
BRDA:280,82,0,0
BRDA:284,83,0,0
BRDA:301,84,0,0
BRDA:323,85,0,0
BRDA:323,85,1,0
BRDA:329,86,0,0
BRDA:329,86,1,0
BRDA:329,87,0,0
BRDA:329,87,1,0
BRDA:336,88,0,0
BRDA:336,88,1,0
BRDA:336,89,0,0
BRDA:336,89,1,0
BRDA:336,90,0,0
BRDA:336,90,1,0
BRDA:340,91,0,0
BRDA:340,91,1,0
BRDA:341,92,0,0
BRDA:341,92,1,0
BRDA:341,93,0,0
BRDA:341,93,1,0
BRDA:354,94,0,0
BRDA:362,95,0,0
BRDA:370,96,0,0
BRDA:374,97,0,0
BRDA:374,98,0,0
BRDA:374,98,1,0
BRDA:387,99,0,0
BRDA:387,99,1,0
BRDA:387,100,0,0
BRDA:387,100,1,0
BRDA:393,101,0,0
BRDA:393,101,1,0
BRDA:393,102,0,0
BRDA:393,102,1,0
BRDA:393,103,0,0
BRDA:393,103,1,0
BRDA:397,104,0,0
BRDA:397,104,1,0
BRDA:398,105,0,0
BRDA:398,105,1,0
BRDA:398,106,0,0
BRDA:398,106,1,0
BRF:188
BRH:0
end_of_record
TN:
SF:src\controllers\favorite.controller.ts
FN:21,(anonymous_17)
FN:80,(anonymous_19)
FN:138,(anonymous_21)
FN:192,(anonymous_23)
FNF:4
FNH:0
FNDA:0,(anonymous_17)
FNDA:0,(anonymous_19)
FNDA:0,(anonymous_21)
FNDA:0,(anonymous_23)
DA:2,0
DA:3,0
DA:5,0
DA:22,0
DA:23,0
DA:24,0
DA:27,0
DA:28,0
DA:35,0
DA:36,0
DA:37,0
DA:44,0
DA:45,0
DA:51,0
DA:54,0
DA:55,0
DA:58,0
DA:72,0
DA:81,0
DA:82,0
DA:83,0
DA:86,0
DA:87,0
DA:94,0
DA:95,0
DA:96,0
DA:103,0
DA:104,0
DA:110,0
DA:113,0
DA:116,0
DA:130,0
DA:139,0
DA:140,0
DA:141,0
DA:142,0
DA:145,0
DA:146,0
DA:153,0
DA:154,0
DA:155,0
DA:161,0
DA:163,0
DA:170,0
DA:184,0
DA:193,0
DA:194,0
DA:195,0
DA:198,0
DA:199,0
DA:206,0
DA:207,0
DA:208,0
DA:214,0
DA:216,0
DA:223,0
DA:237,0
DA:245,0
LF:58
LH:0
BRDA:23,0,0,0
BRDA:23,0,1,0
BRDA:23,1,0,0
BRDA:23,1,1,0
BRDA:27,2,0,0
BRDA:27,3,0,0
BRDA:27,3,1,0
BRDA:35,4,0,0
BRDA:35,4,1,0
BRDA:35,5,0,0
BRDA:35,5,1,0
BRDA:36,6,0,0
BRDA:44,7,0,0
BRDA:54,8,0,0
BRDA:54,8,1,0
BRDA:60,9,0,0
BRDA:60,9,1,0
BRDA:60,10,0,0
BRDA:60,10,1,0
BRDA:61,11,0,0
BRDA:61,11,1,0
BRDA:61,12,0,0
BRDA:61,12,1,0
BRDA:68,13,0,0
BRDA:68,13,1,0
BRDA:68,14,0,0
BRDA:68,14,1,0
BRDA:68,15,0,0
BRDA:68,15,1,0
BRDA:82,16,0,0
BRDA:82,16,1,0
BRDA:82,17,0,0
BRDA:82,17,1,0
BRDA:86,18,0,0
BRDA:86,19,0,0
BRDA:86,19,1,0
BRDA:94,20,0,0
BRDA:94,20,1,0
BRDA:94,21,0,0
BRDA:94,21,1,0
BRDA:95,22,0,0
BRDA:103,23,0,0
BRDA:118,24,0,0
BRDA:118,24,1,0
BRDA:118,25,0,0
BRDA:118,25,1,0
BRDA:119,26,0,0
BRDA:119,26,1,0
BRDA:119,27,0,0
BRDA:119,27,1,0
BRDA:126,28,0,0
BRDA:126,28,1,0
BRDA:126,29,0,0
BRDA:126,29,1,0
BRDA:126,30,0,0
BRDA:126,30,1,0
BRDA:140,31,0,0
BRDA:140,31,1,0
BRDA:140,32,0,0
BRDA:140,32,1,0
BRDA:141,33,0,0
BRDA:141,33,1,0
BRDA:145,34,0,0
BRDA:145,35,0,0
BRDA:145,35,1,0
BRDA:153,36,0,0
BRDA:153,36,1,0
BRDA:153,37,0,0
BRDA:153,37,1,0
BRDA:154,38,0,0
BRDA:172,39,0,0
BRDA:172,39,1,0
BRDA:172,40,0,0
BRDA:172,40,1,0
BRDA:173,41,0,0
BRDA:173,41,1,0
BRDA:173,42,0,0
BRDA:173,42,1,0
BRDA:180,43,0,0
BRDA:180,43,1,0
BRDA:180,44,0,0
BRDA:180,44,1,0
BRDA:180,45,0,0
BRDA:180,45,1,0
BRDA:194,46,0,0
BRDA:194,46,1,0
BRDA:194,47,0,0
BRDA:194,47,1,0
BRDA:198,48,0,0
BRDA:198,49,0,0
BRDA:198,49,1,0
BRDA:206,50,0,0
BRDA:206,50,1,0
BRDA:206,51,0,0
BRDA:206,51,1,0
BRDA:207,52,0,0
BRDA:225,53,0,0
BRDA:225,53,1,0
BRDA:225,54,0,0
BRDA:225,54,1,0
BRDA:226,55,0,0
BRDA:226,55,1,0
BRDA:226,56,0,0
BRDA:226,56,1,0
BRDA:233,57,0,0
BRDA:233,57,1,0
BRDA:233,58,0,0
BRDA:233,58,1,0
BRDA:233,59,0,0
BRDA:233,59,1,0
BRF:110
BRH:0
end_of_record
TN:
SF:src\controllers\mover.controller.ts
FN:10,(anonymous_17)
FN:14,(anonymous_18)
FN:75,(anonymous_19)
FN:79,(anonymous_20)
FN:113,(anonymous_21)
FN:117,(anonymous_22)
FN:158,(anonymous_23)
FN:162,(anonymous_24)
FN:212,(anonymous_25)
FN:216,(anonymous_26)
FN:271,(anonymous_27)
FN:275,(anonymous_28)
FN:296,(anonymous_29)
FNF:13
FNH:0
FNDA:0,(anonymous_17)
FNDA:0,(anonymous_18)
FNDA:0,(anonymous_19)
FNDA:0,(anonymous_20)
FNDA:0,(anonymous_21)
FNDA:0,(anonymous_22)
FNDA:0,(anonymous_23)
FNDA:0,(anonymous_24)
FNDA:0,(anonymous_25)
FNDA:0,(anonymous_26)
FNDA:0,(anonymous_27)
FNDA:0,(anonymous_28)
FNDA:0,(anonymous_29)
DA:2,0
DA:3,0
DA:5,0
DA:10,0
DA:14,0
DA:15,0
DA:16,0
DA:17,0
DA:18,0
DA:19,0
DA:20,0
DA:22,0
DA:23,0
DA:24,0
DA:25,0
DA:26,0
DA:29,0
DA:37,0
DA:46,0
DA:47,0
DA:57,0
DA:68,0
DA:75,0
DA:79,0
DA:80,0
DA:81,0
DA:83,0
DA:87,0
DA:90,0
DA:96,0
DA:106,0
DA:113,0
DA:117,0
DA:118,0
DA:119,0
DA:120,0
DA:122,0
DA:123,0
DA:127,0
DA:132,0
DA:133,0
DA:134,0
DA:138,0
DA:140,0
DA:151,0
DA:158,0
DA:162,0
DA:163,0
DA:164,0
DA:165,0
DA:166,0
DA:173,0
DA:177,0
DA:178,0
DA:183,0
DA:184,0
DA:186,0
DA:192,0
DA:193,0
DA:199,0
DA:205,0
DA:212,0
DA:216,0
DA:217,0
DA:218,0
DA:219,0
DA:220,0
DA:226,0
DA:230,0
DA:231,0
DA:237,0
DA:238,0
DA:244,0
DA:250,0
DA:252,0
DA:264,0
DA:271,0
DA:275,0
DA:276,0
DA:277,0
DA:284,0
DA:288,0
DA:289,0
DA:295,0
DA:296,0
DA:299,0
DA:301,0
DA:309,0
DA:313,0
LF:89
LH:0
BRDA:17,0,0,0
BRDA:17,0,1,0
BRDA:18,1,0,0
BRDA:18,1,1,0
BRDA:19,2,0,0
BRDA:19,2,1,0
BRDA:21,3,0,0
BRDA:21,3,1,0
BRDA:21,4,0,0
BRDA:21,4,1,0
BRDA:22,5,0,0
BRDA:22,5,1,0
BRDA:24,6,0,0
BRDA:26,7,0,0
BRDA:59,8,0,0
BRDA:59,8,1,0
BRDA:59,9,0,0
BRDA:59,9,1,0
BRDA:98,10,0,0
BRDA:98,10,1,0
BRDA:98,11,0,0
BRDA:98,11,1,0
BRDA:120,12,0,0
BRDA:120,12,1,0
BRDA:120,13,0,0
BRDA:120,13,1,0
BRDA:122,14,0,0
BRDA:129,15,0,0
BRDA:129,15,1,0
BRDA:133,16,0,0
BRDA:142,17,0,0
BRDA:142,17,1,0
BRDA:142,18,0,0
BRDA:142,18,1,0
BRDA:173,19,0,0
BRDA:173,19,1,0
BRDA:177,20,0,0
BRDA:177,21,0,0
BRDA:177,21,1,0
BRDA:183,22,0,0
BRDA:183,23,0,0
BRDA:183,23,1,0
BRDA:192,24,0,0
BRDA:226,25,0,0
BRDA:226,25,1,0
BRDA:230,26,0,0
BRDA:230,27,0,0
BRDA:230,27,1,0
BRDA:237,28,0,0
BRDA:257,29,0,0
BRDA:257,29,1,0
BRDA:257,30,0,0
BRDA:257,30,1,0
BRDA:257,31,0,0
BRDA:257,31,1,0
BRDA:258,32,0,0
BRDA:258,32,1,0
BRDA:258,33,0,0
BRDA:258,33,1,0
BRDA:258,34,0,0
BRDA:258,34,1,0
BRDA:259,35,0,0
BRDA:259,35,1,0
BRDA:259,36,0,0
BRDA:259,36,1,0
BRDA:259,37,0,0
BRDA:259,37,1,0
BRDA:260,38,0,0
BRDA:260,38,1,0
BRDA:260,39,0,0
BRDA:260,39,1,0
BRDA:260,40,0,0
BRDA:260,40,1,0
BRDA:284,41,0,0
BRDA:284,41,1,0
BRDA:288,42,0,0
BRDA:288,43,0,0
BRDA:288,43,1,0
BRF:78
BRH:0
end_of_record
TN:
SF:src\controllers\moverEstimate.controller.ts
FN:24,(anonymous_8)
FN:28,(anonymous_9)
FN:136,(anonymous_10)
FN:140,(anonymous_11)
FN:230,(anonymous_12)
FN:234,(anonymous_13)
FN:305,(anonymous_14)
FN:309,(anonymous_15)
FN:380,(anonymous_16)
FN:384,(anonymous_17)
FN:463,(anonymous_18)
FN:467,(anonymous_19)
FN:503,(anonymous_20)
FN:507,(anonymous_21)
FN:544,(anonymous_22)
FN:548,(anonymous_23)
FN:612,(anonymous_24)
FN:616,(anonymous_25)
FNF:18
FNH:0
FNDA:0,(anonymous_8)
FNDA:0,(anonymous_9)
FNDA:0,(anonymous_10)
FNDA:0,(anonymous_11)
FNDA:0,(anonymous_12)
FNDA:0,(anonymous_13)
FNDA:0,(anonymous_14)
FNDA:0,(anonymous_15)
FNDA:0,(anonymous_16)
FNDA:0,(anonymous_17)
FNDA:0,(anonymous_18)
FNDA:0,(anonymous_19)
FNDA:0,(anonymous_20)
FNDA:0,(anonymous_21)
FNDA:0,(anonymous_22)
FNDA:0,(anonymous_23)
FNDA:0,(anonymous_24)
FNDA:0,(anonymous_25)
DA:2,0
DA:3,0
DA:4,0
DA:22,0
DA:28,0
DA:29,0
DA:30,0
DA:31,0
DA:32,0
DA:35,0
DA:36,0
DA:40,0
DA:41,0
DA:45,0
DA:46,0
DA:49,0
DA:50,0
DA:53,0
DA:58,0
DA:62,0
DA:63,0
DA:68,0
DA:75,0
DA:82,0
DA:87,0
DA:92,0
DA:95,0
DA:105,0
DA:110,0
DA:113,0
DA:114,0
DA:119,0
DA:122,0
DA:123,0
DA:128,0
DA:131,0
DA:140,0
DA:141,0
DA:142,0
DA:143,0
DA:144,0
DA:146,0
DA:147,0
DA:152,0
DA:156,0
DA:157,0
DA:162,0
DA:165,0
DA:166,0
DA:171,0
DA:174,0
DA:179,0
DA:184,0
DA:188,0
DA:189,0
DA:194,0
DA:197,0
DA:203,0
DA:209,0
DA:211,0
DA:217,0
DA:222,0
DA:225,0
DA:234,0
DA:235,0
DA:236,0
DA:237,0
DA:238,0
DA:240,0
DA:241,0
DA:246,0
DA:250,0
DA:251,0
DA:256,0
DA:261,0
DA:262,0
DA:263,0
DA:268,0
DA:273,0
DA:278,0
DA:279,0
DA:284,0
DA:287,0
DA:294,0
DA:300,0
DA:309,0
DA:310,0
DA:311,0
DA:312,0
DA:313,0
DA:315,0
DA:316,0
DA:321,0
DA:325,0
DA:326,0
DA:331,0
DA:336,0
DA:337,0
DA:338,0
DA:343,0
DA:348,0
DA:353,0
DA:354,0
DA:359,0
DA:362,0
DA:369,0
DA:375,0
DA:384,0
DA:385,0
DA:386,0
DA:387,0
DA:389,0
DA:391,0
DA:392,0
DA:397,0
DA:399,0
DA:400,0
DA:405,0
DA:409,0
DA:410,0
DA:412,0
DA:413,0
DA:418,0
DA:423,0
DA:427,0
DA:433,0
DA:444,0
DA:450,0
DA:451,0
DA:456,0
DA:458,0
DA:467,0
DA:468,0
DA:469,0
DA:470,0
DA:472,0
DA:473,0
DA:478,0
DA:482,0
DA:483,0
DA:488,0
DA:491,0
DA:492,0
DA:498,0
DA:507,0
DA:508,0
DA:509,0
DA:510,0
DA:512,0
DA:513,0
DA:518,0
DA:522,0
DA:523,0
DA:528,0
DA:531,0
DA:533,0
DA:539,0
DA:548,0
DA:549,0
DA:550,0
DA:551,0
DA:552,0
DA:553,0
DA:555,0
DA:556,0
DA:561,0
DA:565,0
DA:566,0
DA:571,0
DA:574,0
DA:575,0
DA:580,0
DA:583,0
DA:587,0
DA:592,0
DA:595,0
DA:601,0
DA:607,0
DA:616,0
DA:617,0
DA:618,0
DA:619,0
DA:620,0
DA:621,0
DA:623,0
DA:624,0
DA:629,0
DA:633,0
DA:634,0
DA:639,0
DA:642,0
DA:643,0
DA:648,0
DA:651,0
DA:652,0
DA:657,0
DA:660,0
DA:665,0
DA:670,0
DA:674,0
DA:675,0
DA:680,0
DA:683,0
DA:690,0
DA:696,0
DA:701,0
LF:206
LH:0
BRDA:30,0,0,0
BRDA:30,0,1,0
BRDA:30,1,0,0
BRDA:30,1,1,0
BRDA:31,2,0,0
BRDA:31,2,1,0
BRDA:31,3,0,0
BRDA:31,3,1,0
BRDA:35,4,0,0
BRDA:35,5,0,0
BRDA:35,5,1,0
BRDA:40,6,0,0
BRDA:45,7,0,0
BRDA:45,8,0,0
BRDA:45,8,1,0
BRDA:49,9,0,0
BRDA:49,10,0,0
BRDA:49,10,1,0
BRDA:49,10,2,0
BRDA:53,11,0,0
BRDA:54,12,0,0
BRDA:54,12,1,0
BRDA:54,12,2,0
BRDA:62,13,0,0
BRDA:82,14,0,0
BRDA:83,15,0,0
BRDA:83,15,1,0
BRDA:83,15,2,0
BRDA:95,16,0,0
BRDA:96,17,0,0
BRDA:96,17,1,0
BRDA:96,17,2,0
BRDA:96,17,3,0
BRDA:96,17,4,0
BRDA:96,17,5,0
BRDA:96,17,6,0
BRDA:96,17,7,0
BRDA:113,18,0,0
BRDA:113,19,0,0
BRDA:113,19,1,0
BRDA:122,20,0,0
BRDA:142,21,0,0
BRDA:142,21,1,0
BRDA:142,22,0,0
BRDA:142,22,1,0
BRDA:143,23,0,0
BRDA:143,23,1,0
BRDA:143,24,0,0
BRDA:143,24,1,0
BRDA:146,25,0,0
BRDA:146,26,0,0
BRDA:146,26,1,0
BRDA:156,27,0,0
BRDA:165,28,0,0
BRDA:165,29,0,0
BRDA:165,29,1,0
BRDA:174,30,0,0
BRDA:175,31,0,0
BRDA:175,31,1,0
BRDA:175,31,2,0
BRDA:188,32,0,0
BRDA:209,33,0,0
BRDA:211,34,0,0
BRDA:212,35,0,0
BRDA:212,35,1,0
BRDA:212,35,2,0
BRDA:212,35,3,0
BRDA:236,36,0,0
BRDA:236,36,1,0
BRDA:236,37,0,0
BRDA:236,37,1,0
BRDA:237,38,0,0
BRDA:237,38,1,0
BRDA:237,39,0,0
BRDA:237,39,1,0
BRDA:240,40,0,0
BRDA:240,41,0,0
BRDA:240,41,1,0
BRDA:250,42,0,0
BRDA:261,43,0,0
BRDA:261,43,1,0
BRDA:261,44,0,0
BRDA:261,44,1,0
BRDA:262,45,0,0
BRDA:262,46,0,0
BRDA:262,46,1,0
BRDA:273,47,0,0
BRDA:273,47,1,0
BRDA:273,48,0,0
BRDA:273,48,1,0
BRDA:273,48,2,0
BRDA:278,49,0,0
BRDA:278,50,0,0
BRDA:278,50,1,0
BRDA:290,51,0,0
BRDA:290,51,1,0
BRDA:311,52,0,0
BRDA:311,52,1,0
BRDA:311,53,0,0
BRDA:311,53,1,0
BRDA:312,54,0,0
BRDA:312,54,1,0
BRDA:312,55,0,0
BRDA:312,55,1,0
BRDA:315,56,0,0
BRDA:315,57,0,0
BRDA:315,57,1,0
BRDA:325,58,0,0
BRDA:336,59,0,0
BRDA:336,59,1,0
BRDA:336,60,0,0
BRDA:336,60,1,0
BRDA:337,61,0,0
BRDA:337,62,0,0
BRDA:337,62,1,0
BRDA:348,63,0,0
BRDA:348,63,1,0
BRDA:348,64,0,0
BRDA:348,64,1,0
BRDA:348,64,2,0
BRDA:353,65,0,0
BRDA:353,66,0,0
BRDA:353,66,1,0
BRDA:365,67,0,0
BRDA:365,67,1,0
BRDA:386,68,0,0
BRDA:386,68,1,0
BRDA:386,69,0,0
BRDA:386,69,1,0
BRDA:387,70,0,0
BRDA:387,70,1,0
BRDA:387,71,0,0
BRDA:387,71,1,0
BRDA:391,72,0,0
BRDA:391,73,0,0
BRDA:391,73,1,0
BRDA:399,74,0,0
BRDA:412,75,0,0
BRDA:412,76,0,0
BRDA:412,76,1,0
BRDA:423,77,0,0
BRDA:423,77,1,0
BRDA:423,78,0,0
BRDA:423,78,1,0
BRDA:427,79,0,0
BRDA:427,79,1,0
BRDA:427,80,0,0
BRDA:427,80,1,0
BRDA:427,80,2,0
BRDA:439,81,0,0
BRDA:439,81,1,0
BRDA:450,82,0,0
BRDA:469,83,0,0
BRDA:469,83,1,0
BRDA:469,84,0,0
BRDA:469,84,1,0
BRDA:470,85,0,0
BRDA:470,85,1,0
BRDA:470,86,0,0
BRDA:470,86,1,0
BRDA:472,87,0,0
BRDA:472,88,0,0
BRDA:472,88,1,0
BRDA:482,89,0,0
BRDA:509,90,0,0
BRDA:509,90,1,0
BRDA:509,91,0,0
BRDA:509,91,1,0
BRDA:510,92,0,0
BRDA:510,92,1,0
BRDA:510,93,0,0
BRDA:510,93,1,0
BRDA:512,94,0,0
BRDA:512,95,0,0
BRDA:512,95,1,0
BRDA:522,96,0,0
BRDA:550,97,0,0
BRDA:550,97,1,0
BRDA:550,98,0,0
BRDA:550,98,1,0
BRDA:551,99,0,0
BRDA:551,99,1,0
BRDA:551,100,0,0
BRDA:551,100,1,0
BRDA:555,101,0,0
BRDA:555,102,0,0
BRDA:555,102,1,0
BRDA:565,103,0,0
BRDA:574,104,0,0
BRDA:574,105,0,0
BRDA:574,105,1,0
BRDA:583,106,0,0
BRDA:584,107,0,0
BRDA:584,107,1,0
BRDA:618,108,0,0
BRDA:618,108,1,0
BRDA:618,109,0,0
BRDA:618,109,1,0
BRDA:619,110,0,0
BRDA:619,110,1,0
BRDA:619,111,0,0
BRDA:619,111,1,0
BRDA:623,112,0,0
BRDA:623,113,0,0
BRDA:623,113,1,0
BRDA:633,114,0,0
BRDA:642,115,0,0
BRDA:642,116,0,0
BRDA:642,116,1,0
BRDA:651,117,0,0
BRDA:651,118,0,0
BRDA:651,118,1,0
BRDA:651,118,2,0
BRDA:660,119,0,0
BRDA:661,120,0,0
BRDA:661,120,1,0
BRDA:661,120,2,0
BRDA:674,121,0,0
BRF:218
BRH:0
end_of_record
TN:
SF:src\controllers\moverSchedule.controller.ts
FN:16,(anonymous_17)
FN:16,(anonymous_18)
FNF:2
FNH:0
FNDA:0,(anonymous_17)
FNDA:0,(anonymous_18)
DA:2,0
DA:3,0
DA:4,0
DA:5,0
DA:14,0
DA:16,0
DA:17,0
DA:18,0
DA:19,0
DA:20,0
DA:23,0
DA:24,0
DA:28,0
DA:29,0
DA:33,0
DA:34,0
DA:37,0
DA:38,0
DA:40,0
DA:41,0
DA:44,0
DA:45,0
DA:48,0
DA:50,0
DA:57,0
DA:58,0
DA:63,0
DA:66,0
DA:67,0
DA:72,0
DA:75,0
DA:76,0
DA:81,0
DA:84,0
DA:85,0
DA:89,0
DA:93,0
DA:107,0
DA:115,0
LF:39
LH:0
BRDA:18,0,0,0
BRDA:18,0,1,0
BRDA:18,1,0,0
BRDA:18,1,1,0
BRDA:19,2,0,0
BRDA:19,2,1,0
BRDA:19,3,0,0
BRDA:19,3,1,0
BRDA:23,4,0,0
BRDA:23,5,0,0
BRDA:23,5,1,0
BRDA:28,6,0,0
BRDA:33,7,0,0
BRDA:33,8,0,0
BRDA:33,8,1,0
BRDA:40,9,0,0
BRDA:40,10,0,0
BRDA:40,10,1,0
BRDA:44,11,0,0
BRDA:44,12,0,0
BRDA:44,12,1,0
BRDA:44,12,2,0
BRDA:57,13,0,0
BRDA:57,14,0,0
BRDA:57,14,1,0
BRDA:66,15,0,0
BRDA:75,16,0,0
BRDA:75,17,0,0
BRDA:75,17,1,0
BRDA:84,18,0,0
BRDA:95,19,0,0
BRDA:95,19,1,0
BRDA:95,20,0,0
BRDA:95,20,1,0
BRDA:96,21,0,0
BRDA:96,21,1,0
BRDA:96,22,0,0
BRDA:96,22,1,0
BRDA:103,23,0,0
BRDA:103,23,1,0
BRDA:103,24,0,0
BRDA:103,24,1,0
BRDA:103,25,0,0
BRDA:103,25,1,0
BRF:44
BRH:0
end_of_record
TN:
SF:src\controllers\notification.controller.ts
FN:7,(anonymous_8)
FN:7,(anonymous_9)
FN:38,(anonymous_10)
FN:38,(anonymous_11)
FN:59,(anonymous_12)
FN:63,(anonymous_13)
FNF:6
FNH:0
FNDA:0,(anonymous_8)
FNDA:0,(anonymous_9)
FNDA:0,(anonymous_10)
FNDA:0,(anonymous_11)
FNDA:0,(anonymous_12)
FNDA:0,(anonymous_13)
DA:2,0
DA:5,0
DA:7,0
DA:8,0
DA:9,0
DA:10,0
DA:11,0
DA:15,0
DA:16,0
DA:17,0
DA:18,0
DA:20,0
DA:28,0
DA:34,0
DA:38,0
DA:39,0
DA:40,0
DA:41,0
DA:42,0
DA:46,0
DA:49,0
DA:55,0
DA:63,0
DA:64,0
DA:65,0
DA:66,0
DA:67,0
DA:71,0
DA:74,0
DA:80,0
DA:85,0
LF:31
LH:0
BRDA:9,0,0,0
BRDA:9,0,1,0
BRDA:9,1,0,0
BRDA:9,1,1,0
BRDA:10,2,0,0
BRDA:16,3,0,0
BRDA:16,3,1,0
BRDA:17,4,0,0
BRDA:17,4,1,0
BRDA:18,5,0,0
BRDA:18,5,1,0
BRDA:41,6,0,0
BRDA:65,7,0,0
BRDA:65,7,1,0
BRDA:65,8,0,0
BRDA:65,8,1,0
BRDA:66,9,0,0
BRF:17
BRH:0
end_of_record
TN:
SF:src\controllers\review.controller.ts
FN:7,(anonymous_8)
FN:11,(anonymous_9)
FN:42,(anonymous_10)
FN:46,(anonymous_11)
FN:77,(anonymous_12)
FN:81,(anonymous_13)
FN:112,(anonymous_14)
FN:116,(anonymous_15)
FNF:8
FNH:0
FNDA:0,(anonymous_8)
FNDA:0,(anonymous_9)
FNDA:0,(anonymous_10)
FNDA:0,(anonymous_11)
FNDA:0,(anonymous_12)
FNDA:0,(anonymous_13)
FNDA:0,(anonymous_14)
FNDA:0,(anonymous_15)
DA:2,0
DA:3,0
DA:5,0
DA:11,0
DA:12,0
DA:13,0
DA:14,0
DA:15,0
DA:16,0
DA:20,0
DA:22,0
DA:23,0
DA:29,0
DA:37,0
DA:46,0
DA:47,0
DA:48,0
DA:49,0
DA:50,0
DA:54,0
DA:56,0
DA:57,0
DA:58,0
DA:62,0
DA:64,0
DA:72,0
DA:81,0
DA:82,0
DA:83,0
DA:84,0
DA:85,0
DA:89,0
DA:91,0
DA:92,0
DA:93,0
DA:97,0
DA:99,0
DA:107,0
DA:116,0
DA:117,0
DA:118,0
DA:119,0
DA:120,0
DA:124,0
DA:126,0
DA:127,0
DA:128,0
DA:129,0
DA:135,0
DA:137,0
DA:145,0
DA:150,0
LF:52
LH:0
BRDA:15,0,0,0
BRDA:15,1,0,0
BRDA:15,1,1,0
BRDA:15,1,2,0
BRDA:31,2,0,0
BRDA:31,2,1,0
BRDA:31,3,0,0
BRDA:31,3,1,0
BRDA:48,4,0,0
BRDA:48,4,1,0
BRDA:48,5,0,0
BRDA:48,5,1,0
BRDA:49,6,0,0
BRDA:56,7,0,0
BRDA:56,7,1,0
BRDA:57,8,0,0
BRDA:57,8,1,0
BRDA:66,9,0,0
BRDA:66,9,1,0
BRDA:66,10,0,0
BRDA:66,10,1,0
BRDA:67,11,0,0
BRDA:67,11,1,0
BRDA:67,12,0,0
BRDA:67,12,1,0
BRDA:84,13,0,0
BRDA:91,14,0,0
BRDA:91,14,1,0
BRDA:92,15,0,0
BRDA:92,15,1,0
BRDA:101,16,0,0
BRDA:101,16,1,0
BRDA:101,17,0,0
BRDA:101,17,1,0
BRDA:119,18,0,0
BRDA:126,19,0,0
BRDA:126,19,1,0
BRDA:127,20,0,0
BRDA:127,20,1,0
BRDA:139,21,0,0
BRDA:139,21,1,0
BRDA:139,22,0,0
BRDA:139,22,1,0
BRF:43
BRH:0
end_of_record
TN:
SF:src\controllers\user.controller.ts
FN:25,(anonymous_7)
FN:25,(anonymous_8)
FN:41,(anonymous_9)
FN:41,(anonymous_10)
FN:57,(anonymous_11)
FN:57,(anonymous_12)
FN:139,(anonymous_13)
FN:139,(anonymous_14)
FN:167,(anonymous_15)
FN:167,(anonymous_16)
FN:188,(anonymous_17)
FN:188,(anonymous_18)
FNF:12
FNH:0
FNDA:0,(anonymous_7)
FNDA:0,(anonymous_8)
FNDA:0,(anonymous_9)
FNDA:0,(anonymous_10)
FNDA:0,(anonymous_11)
FNDA:0,(anonymous_12)
FNDA:0,(anonymous_13)
FNDA:0,(anonymous_14)
FNDA:0,(anonymous_15)
FNDA:0,(anonymous_16)
FNDA:0,(anonymous_17)
FNDA:0,(anonymous_18)
DA:2,0
DA:11,0
DA:17,0
DA:21,0
DA:22,0
DA:25,0
DA:26,0
DA:31,0
DA:32,0
DA:34,0
DA:36,0
DA:41,0
DA:42,0
DA:47,0
DA:48,0
DA:50,0
DA:52,0
DA:57,0
DA:58,0
DA:59,0
DA:64,0
DA:66,0
DA:74,0
DA:76,0
DA:82,0
DA:88,0
DA:93,0
DA:95,0
DA:105,0
DA:110,0
DA:116,0
DA:122,0
DA:128,0
DA:134,0
DA:139,0
DA:140,0
DA:141,0
DA:143,0
DA:155,0
DA:156,0
DA:162,0
DA:167,0
DA:168,0
DA:169,0
DA:171,0
DA:177,0
DA:178,0
DA:183,0
DA:188,0
DA:189,0
DA:190,0
DA:192,0
DA:203,0
DA:204,0
DA:210,0
DA:215,0
DA:216,0
DA:217,0
DA:218,0
DA:219,0
DA:220,0
LF:61
LH:0
BRDA:64,0,0,0
BRDA:64,0,1,0
BRDA:93,1,0,0
BRDA:93,1,1,0
BRF:4
BRH:0
end_of_record
TN:
SF:src\repositories\action.repository.ts
FN:13,(anonymous_8)
FN:13,(anonymous_9)
FNF:2
FNH:0
FNDA:0,(anonymous_8)
FNDA:0,(anonymous_9)
DA:1,0
DA:12,0
DA:13,0
DA:14,0
DA:26,0
LF:5
LH:0
BRF:0
BRH:0
end_of_record
TN:
SF:src\repositories\auth.repository.ts
FN:10,(anonymous_8)
FN:10,(anonymous_9)
FN:29,(anonymous_10)
FN:29,(anonymous_11)
FN:49,(anonymous_12)
FN:49,(anonymous_13)
FN:68,(anonymous_14)
FN:68,(anonymous_15)
FN:75,(anonymous_16)
FN:79,(anonymous_17)
FN:87,(anonymous_18)
FN:87,(anonymous_19)
FN:94,(anonymous_20)
FN:100,(anonymous_21)
FNF:14
FNH:0
FNDA:0,(anonymous_8)
FNDA:0,(anonymous_9)
FNDA:0,(anonymous_10)
FNDA:0,(anonymous_11)
FNDA:0,(anonymous_12)
FNDA:0,(anonymous_13)
FNDA:0,(anonymous_14)
FNDA:0,(anonymous_15)
FNDA:0,(anonymous_16)
FNDA:0,(anonymous_17)
FNDA:0,(anonymous_18)
FNDA:0,(anonymous_19)
FNDA:0,(anonymous_20)
FNDA:0,(anonymous_21)
DA:2,0
DA:10,0
DA:11,0
DA:29,0
DA:30,0
DA:49,0
DA:50,0
DA:68,0
DA:69,0
DA:75,0
DA:79,0
DA:80,0
DA:87,0
DA:88,0
DA:94,0
DA:100,0
DA:101,0
DA:121,0
LF:18
LH:0
BRDA:107,0,0,0
BRDA:107,0,1,0
BRF:2
BRH:0
end_of_record
TN:
SF:src\repositories\customerEstimateRequest.repository.ts
FN:16,(anonymous_8)
FN:16,(anonymous_9)
FN:42,(anonymous_10)
FN:42,(anonymous_11)
FN:58,(anonymous_12)
FN:61,(anonymous_13)
FN:166,(anonymous_14)
FN:168,(anonymous_15)
FN:274,(anonymous_16)
FN:276,(anonymous_17)
FN:291,(anonymous_18)
FN:291,(anonymous_19)
FN:303,(anonymous_20)
FN:306,(anonymous_21)
FN:321,(anonymous_22)
FN:324,(anonymous_23)
FN:340,(anonymous_24)
FN:343,(anonymous_25)
FN:359,(anonymous_26)
FN:363,(anonymous_27)
FN:381,(anonymous_28)
FN:381,(anonymous_29)
FN:424,(anonymous_30)
FN:427,(anonymous_31)
FN:452,(anonymous_32)
FN:455,(anonymous_33)
FN:480,(anonymous_34)
FN:480,(anonymous_35)
FN:498,(anonymous_36)
FN:500,(anonymous_37)
FN:516,(anonymous_38)
FN:521,(anonymous_39)
FN:534,(anonymous_40)
FN:534,(anonymous_41)
FNF:34
FNH:0
FNDA:0,(anonymous_8)
FNDA:0,(anonymous_9)
FNDA:0,(anonymous_10)
FNDA:0,(anonymous_11)
FNDA:0,(anonymous_12)
FNDA:0,(anonymous_13)
FNDA:0,(anonymous_14)
FNDA:0,(anonymous_15)
FNDA:0,(anonymous_16)
FNDA:0,(anonymous_17)
FNDA:0,(anonymous_18)
FNDA:0,(anonymous_19)
FNDA:0,(anonymous_20)
FNDA:0,(anonymous_21)
FNDA:0,(anonymous_22)
FNDA:0,(anonymous_23)
FNDA:0,(anonymous_24)
FNDA:0,(anonymous_25)
FNDA:0,(anonymous_26)
FNDA:0,(anonymous_27)
FNDA:0,(anonymous_28)
FNDA:0,(anonymous_29)
FNDA:0,(anonymous_30)
FNDA:0,(anonymous_31)
FNDA:0,(anonymous_32)
FNDA:0,(anonymous_33)
FNDA:0,(anonymous_34)
FNDA:0,(anonymous_35)
FNDA:0,(anonymous_36)
FNDA:0,(anonymous_37)
FNDA:0,(anonymous_38)
FNDA:0,(anonymous_39)
FNDA:0,(anonymous_40)
FNDA:0,(anonymous_41)
DA:7,0
DA:12,0
DA:14,0
DA:16,0
DA:17,0
DA:18,0
DA:31,0
DA:32,0
DA:34,0
DA:42,0
DA:43,0
DA:44,0
DA:50,0
DA:51,0
DA:53,0
DA:61,0
DA:62,0
DA:63,0
DA:156,0
DA:158,0
DA:168,0
DA:169,0
DA:170,0
DA:264,0
DA:266,0
DA:276,0
DA:277,0
DA:278,0
DA:281,0
DA:283,0
DA:291,0
DA:292,0
DA:293,0
DA:296,0
DA:298,0
DA:306,0
DA:307,0
DA:308,0
DA:314,0
DA:316,0
DA:324,0
DA:325,0
DA:326,0
DA:330,0
DA:332,0
DA:343,0
DA:344,0
DA:345,0
DA:349,0
DA:351,0
DA:363,0
DA:364,0
DA:365,0
DA:373,0
DA:381,0
DA:382,0
DA:383,0
DA:414,0
DA:416,0
DA:427,0
DA:428,0
DA:429,0
DA:442,0
DA:444,0
DA:455,0
DA:456,0
DA:457,0
DA:470,0
DA:472,0
DA:480,0
DA:481,0
DA:482,0
DA:488,0
DA:490,0
DA:500,0
DA:501,0
DA:502,0
DA:504,0
DA:515,0
DA:516,0
DA:517,0
DA:521,0
DA:522,0
DA:523,0
DA:527,0
DA:529,0
DA:534,0
DA:535,0
DA:536,0
DA:542,0
DA:544,0
DA:551,0
LF:92
LH:0
BRDA:31,0,0,0
BRDA:50,1,0,0
BRDA:368,2,0,0
BRDA:368,2,1,0
BRDA:502,3,0,0
BRDA:522,4,0,0
BRF:6
BRH:0
end_of_record
TN:
SF:src\repositories\estimateRequest.repository.ts
FN:18,(anonymous_8)
FN:21,(anonymous_9)
FN:35,(anonymous_10)
FN:37,(anonymous_11)
FN:92,(anonymous_12)
FN:94,(anonymous_13)
FN:136,(anonymous_14)
FN:139,(anonymous_15)
FN:170,(anonymous_16)
FN:170,(anonymous_17)
FN:173,(anonymous_18)
FN:173,(anonymous_19)
FN:206,(anonymous_20)
FN:206,(anonymous_21)
FN:217,(anonymous_22)
FN:217,(anonymous_23)
FN:239,(anonymous_24)
FN:241,(anonymous_25)
FN:260,(anonymous_26)
FN:260,(anonymous_27)
FN:273,(anonymous_28)
FN:275,(anonymous_29)
FN:296,(anonymous_30)
FN:296,(anonymous_31)
FN:305,(anonymous_32)
FN:305,(anonymous_33)
FN:324,(anonymous_34)
FN:324,(anonymous_35)
FN:344,(anonymous_36)
FN:346,(anonymous_37)
FN:383,(anonymous_38)
FN:383,(anonymous_39)
FN:399,(anonymous_40)
FN:399,(anonymous_41)
FN:441,(anonymous_42)
FN:441,(anonymous_43)
FN:485,(anonymous_44)
FN:487,(anonymous_45)
FNF:38
FNH:0
FNDA:0,(anonymous_8)
FNDA:0,(anonymous_9)
FNDA:0,(anonymous_10)
FNDA:0,(anonymous_11)
FNDA:0,(anonymous_12)
FNDA:0,(anonymous_13)
FNDA:0,(anonymous_14)
FNDA:0,(anonymous_15)
FNDA:0,(anonymous_16)
FNDA:0,(anonymous_17)
FNDA:0,(anonymous_18)
FNDA:0,(anonymous_19)
FNDA:0,(anonymous_20)
FNDA:0,(anonymous_21)
FNDA:0,(anonymous_22)
FNDA:0,(anonymous_23)
FNDA:0,(anonymous_24)
FNDA:0,(anonymous_25)
FNDA:0,(anonymous_26)
FNDA:0,(anonymous_27)
FNDA:0,(anonymous_28)
FNDA:0,(anonymous_29)
FNDA:0,(anonymous_30)
FNDA:0,(anonymous_31)
FNDA:0,(anonymous_32)
FNDA:0,(anonymous_33)
FNDA:0,(anonymous_34)
FNDA:0,(anonymous_35)
FNDA:0,(anonymous_36)
FNDA:0,(anonymous_37)
FNDA:0,(anonymous_38)
FNDA:0,(anonymous_39)
FNDA:0,(anonymous_40)
FNDA:0,(anonymous_41)
FNDA:0,(anonymous_42)
FNDA:0,(anonymous_43)
FNDA:0,(anonymous_44)
FNDA:0,(anonymous_45)
DA:1,0
DA:8,0
DA:9,0
DA:18,0
DA:21,0
DA:22,0
DA:35,0
DA:37,0
DA:38,0
DA:80,0
DA:81,0
DA:82,0
DA:84,0
DA:85,0
DA:89,0
DA:92,0
DA:94,0
DA:95,0
DA:136,0
DA:139,0
DA:146,0
DA:148,0
DA:149,0
DA:151,0
DA:152,0
DA:154,0
DA:155,0
DA:157,0
DA:158,0
DA:160,0
DA:161,0
DA:164,0
DA:170,0
DA:171,0
DA:173,0
DA:174,0
DA:179,0
DA:180,0
DA:183,0
DA:191,0
DA:202,0
DA:206,0
DA:207,0
DA:214,0
DA:217,0
DA:218,0
DA:227,0
DA:229,0
DA:236,0
DA:239,0
DA:241,0
DA:242,0
DA:243,0
DA:245,0
DA:257,0
DA:260,0
DA:261,0
DA:266,0
DA:267,0
DA:270,0
DA:273,0
DA:275,0
DA:276,0
DA:289,0
DA:293,0
DA:296,0
DA:297,0
DA:299,0
DA:305,0
DA:306,0
DA:311,0
DA:312,0
DA:316,0
DA:318,0
DA:320,0
DA:324,0
DA:325,0
DA:340,0
DA:344,0
DA:346,0
DA:347,0
DA:379,0
DA:383,0
DA:384,0
DA:395,0
DA:399,0
DA:400,0
DA:437,0
DA:441,0
DA:442,0
DA:443,0
DA:481,0
DA:485,0
DA:487,0
DA:488,0
DA:496,0
DA:517,0
LF:97
LH:0
BRDA:80,0,0,0
BRDA:81,1,0,0
BRDA:81,2,0,0
BRDA:81,2,1,0
BRDA:84,3,0,0
BRDA:84,4,0,0
BRDA:84,4,1,0
BRDA:148,5,0,0
BRDA:151,6,0,0
BRDA:154,7,0,0
BRDA:157,8,0,0
BRDA:160,9,0,0
BRDA:179,10,0,0
BRDA:227,11,0,0
BRDA:266,12,0,0
BRDA:282,13,0,0
BRDA:282,13,1,0
BRDA:282,14,0,0
BRDA:282,14,1,0
BRDA:282,14,2,0
BRDA:311,15,0,0
BRDA:316,16,0,0
BRDA:316,16,1,0
BRDA:318,17,0,0
BRDA:318,17,1,0
BRDA:395,18,0,0
BRDA:395,18,1,0
BRDA:395,19,0,0
BRDA:395,19,1,0
BRF:29
BRH:0
end_of_record
TN:
SF:src\repositories\favorite.repository.ts
FN:4,(anonymous_8)
FN:4,(anonymous_9)
FN:14,(anonymous_10)
FN:14,(anonymous_11)
FN:45,(anonymous_12)
FN:45,(anonymous_13)
FN:69,(anonymous_14)
FN:69,(anonymous_15)
FN:124,(anonymous_16)
FN:139,(anonymous_17)
FN:149,(anonymous_18)
FN:163,(anonymous_19)
FN:163,(anonymous_20)
FN:173,(anonymous_21)
FN:173,(anonymous_22)
FNF:15
FNH:0
FNDA:0,(anonymous_8)
FNDA:0,(anonymous_9)
FNDA:0,(anonymous_10)
FNDA:0,(anonymous_11)
FNDA:0,(anonymous_12)
FNDA:0,(anonymous_13)
FNDA:0,(anonymous_14)
FNDA:0,(anonymous_15)
FNDA:0,(anonymous_16)
FNDA:0,(anonymous_17)
FNDA:0,(anonymous_18)
FNDA:0,(anonymous_19)
FNDA:0,(anonymous_20)
FNDA:0,(anonymous_21)
FNDA:0,(anonymous_22)
DA:1,0
DA:4,0
DA:5,0
DA:14,0
DA:16,0
DA:25,0
DA:27,0
DA:31,0
DA:41,0
DA:45,0
DA:46,0
DA:55,0
DA:62,0
DA:69,0
DA:70,0
DA:75,0
DA:77,0
DA:114,0
DA:115,0
DA:117,0
DA:118,0
DA:119,0
DA:120,0
DA:123,0
DA:124,0
DA:139,0
DA:149,0
DA:163,0
DA:164,0
DA:173,0
DA:174,0
DA:194,0
DA:197,0
LF:33
LH:0
BRDA:25,0,0,0
BRDA:69,1,0,0
BRDA:80,2,0,0
BRDA:80,2,1,0
BRDA:117,3,0,0
BRDA:119,4,0,0
BRDA:119,4,1,0
BRDA:119,5,0,0
BRDA:119,5,1,0
BRDA:142,6,0,0
BRDA:142,6,1,0
BRDA:142,7,0,0
BRDA:142,7,1,0
BRDA:142,8,0,0
BRDA:142,8,1,0
BRDA:149,9,0,0
BRDA:149,9,1,0
BRF:17
BRH:0
end_of_record
TN:
SF:src\repositories\mover.repository.ts
FN:10,(anonymous_8)
FN:10,(anonymous_9)
FN:20,(anonymous_10)
FN:85,(anonymous_11)
FN:128,(anonymous_12)
FN:128,(anonymous_13)
FN:151,(anonymous_14)
FN:194,(anonymous_15)
FN:194,(anonymous_16)
FN:221,(anonymous_17)
FN:225,(anonymous_18)
FN:238,(anonymous_19)
FN:240,(anonymous_20)
FN:266,(anonymous_21)
FN:269,(anonymous_22)
FN:303,(anonymous_23)
FN:303,(anonymous_24)
FNF:17
FNH:0
FNDA:0,(anonymous_8)
FNDA:0,(anonymous_9)
FNDA:0,(anonymous_10)
FNDA:0,(anonymous_11)
FNDA:0,(anonymous_12)
FNDA:0,(anonymous_13)
FNDA:0,(anonymous_14)
FNDA:0,(anonymous_15)
FNDA:0,(anonymous_16)
FNDA:0,(anonymous_17)
FNDA:0,(anonymous_18)
FNDA:0,(anonymous_19)
FNDA:0,(anonymous_20)
FNDA:0,(anonymous_21)
FNDA:0,(anonymous_22)
FNDA:0,(anonymous_23)
FNDA:0,(anonymous_24)
DA:1,0
DA:10,0
DA:18,0
DA:20,0
DA:21,0
DA:22,0
DA:24,0
DA:26,0
DA:28,0
DA:30,0
DA:34,0
DA:36,0
DA:50,0
DA:56,0
DA:58,0
DA:85,0
DA:93,0
DA:94,0
DA:95,0
DA:97,0
DA:98,0
DA:116,0
DA:117,0
DA:119,0
DA:122,0
DA:128,0
DA:129,0
DA:148,0
DA:150,0
DA:151,0
DA:154,0
DA:155,0
DA:157,0
DA:158,0
DA:165,0
DA:168,0
DA:183,0
DA:194,0
DA:195,0
DA:221,0
DA:222,0
DA:224,0
DA:225,0
DA:228,0
DA:238,0
DA:240,0
DA:241,0
DA:244,0
DA:248,0
DA:250,0
DA:253,0
DA:266,0
DA:269,0
DA:270,0
DA:271,0
DA:288,0
DA:289,0
DA:293,0
DA:294,0
DA:297,0
DA:303,0
DA:304,0
DA:313,0
DA:314,0
DA:318,0
DA:322,0
DA:328,0
DA:331,0
DA:340,0
LF:69
LH:0
BRDA:15,0,0,0
BRDA:17,1,0,0
BRDA:22,2,0,0
BRDA:22,2,1,0
BRDA:22,2,2,0
BRDA:22,2,3,0
BRDA:34,3,0,0
BRDA:34,3,1,0
BRDA:39,4,0,0
BRDA:39,4,1,0
BRDA:42,5,0,0
BRDA:42,5,1,0
BRDA:45,6,0,0
BRDA:45,6,1,0
BRDA:56,7,0,0
BRDA:56,7,1,0
BRDA:64,8,0,0
BRDA:64,8,1,0
BRDA:65,9,0,0
BRDA:65,9,1,0
BRDA:87,10,0,0
BRDA:87,10,1,0
BRDA:88,11,0,0
BRDA:88,11,1,0
BRDA:89,12,0,0
BRDA:89,12,1,0
BRDA:90,13,0,0
BRDA:90,13,1,0
BRDA:94,14,0,0
BRDA:94,14,1,0
BRDA:95,15,0,0
BRDA:95,15,1,0
BRDA:95,16,0,0
BRDA:95,16,1,0
BRDA:95,17,0,0
BRDA:95,17,1,0
BRDA:97,18,0,0
BRDA:97,19,0,0
BRDA:97,19,1,0
BRDA:116,20,0,0
BRDA:148,21,0,0
BRDA:157,22,0,0
BRDA:248,23,0,0
BRDA:288,24,0,0
BRDA:288,25,0,0
BRDA:288,25,1,0
BRDA:293,26,0,0
BRDA:293,27,0,0
BRDA:293,27,1,0
BRDA:313,28,0,0
BRDA:318,29,0,0
BRDA:319,30,0,0
BRDA:319,30,1,0
BRF:53
BRH:0
end_of_record
TN:
SF:src\repositories\moverEstimate.repository.ts
FN:62,(anonymous_8)
FN:66,(anonymous_9)
FN:172,(anonymous_10)
FN:172,(anonymous_11)
FN:190,(anonymous_12)
FN:190,(anonymous_13)
FN:216,(anonymous_14)
FN:216,(anonymous_15)
FN:241,(anonymous_16)
FN:241,(anonymous_17)
FN:266,(anonymous_18)
FN:273,(anonymous_19)
FN:322,(anonymous_20)
FN:322,(anonymous_21)
FN:335,(anonymous_22)
FN:341,(anonymous_23)
FN:362,(anonymous_24)
FN:400,(anonymous_25)
FN:400,(anonymous_26)
FN:423,(anonymous_27)
FN:428,(anonymous_28)
FN:492,(anonymous_29)
FN:502,(anonymous_30)
FN:502,(anonymous_31)
FN:517,(anonymous_32)
FN:517,(anonymous_33)
FN:539,(anonymous_34)
FN:539,(anonymous_35)
FN:562,(anonymous_36)
FN:564,(anonymous_37)
FN:579,(anonymous_38)
FN:579,(anonymous_39)
FN:602,(anonymous_40)
FN:605,(anonymous_41)
FN:620,(anonymous_42)
FN:623,(anonymous_43)
FN:641,(anonymous_44)
FN:645,(anonymous_45)
FN:664,(anonymous_46)
FN:664,(anonymous_47)
FN:676,(anonymous_48)
FN:676,(anonymous_49)
FNF:42
FNH:42
FNDA:16,(anonymous_8)
FNDA:16,(anonymous_9)
FNDA:8,(anonymous_10)
FNDA:8,(anonymous_11)
FNDA:9,(anonymous_12)
FNDA:9,(anonymous_13)
FNDA:7,(anonymous_14)
FNDA:7,(anonymous_15)
FNDA:6,(anonymous_16)
FNDA:6,(anonymous_17)
FNDA:29,(anonymous_18)
FNDA:29,(anonymous_19)
FNDA:3,(anonymous_20)
FNDA:3,(anonymous_21)
FNDA:7,(anonymous_22)
FNDA:7,(anonymous_23)
FNDA:2,(anonymous_24)
FNDA:6,(anonymous_25)
FNDA:6,(anonymous_26)
FNDA:9,(anonymous_27)
FNDA:9,(anonymous_28)
FNDA:8,(anonymous_29)
FNDA:9,(anonymous_30)
FNDA:9,(anonymous_31)
FNDA:2,(anonymous_32)
FNDA:2,(anonymous_33)
FNDA:1,(anonymous_34)
FNDA:1,(anonymous_35)
FNDA:2,(anonymous_36)
FNDA:2,(anonymous_37)
FNDA:1,(anonymous_38)
FNDA:1,(anonymous_39)
FNDA:3,(anonymous_40)
FNDA:3,(anonymous_41)
FNDA:4,(anonymous_42)
FNDA:4,(anonymous_43)
FNDA:3,(anonymous_44)
FNDA:3,(anonymous_45)
FNDA:4,(anonymous_46)
FNDA:4,(anonymous_47)
FNDA:2,(anonymous_48)
FNDA:2,(anonymous_49)
DA:1,1
DA:8,1
DA:62,1
DA:63,16
DA:66,1
DA:67,16
DA:73,1
DA:134,1
DA:170,1
DA:172,8
DA:173,8
DA:175,8
DA:176,4
DA:179,4
DA:183,2
DA:185,6
DA:190,9
DA:191,9
DA:193,9
DA:194,2
DA:197,7
DA:198,2
DA:201,5
DA:209,2
DA:211,7
DA:216,7
DA:217,7
DA:219,7
DA:220,1
DA:223,6
DA:224,1
DA:227,5
DA:234,2
DA:236,5
DA:241,6
DA:242,6
DA:244,6
DA:245,1
DA:248,5
DA:259,1
DA:261,5
DA:273,29
DA:274,29
DA:276,29
DA:277,3
DA:280,26
DA:281,3
DA:284,23
DA:285,4
DA:288,19
DA:293,5
DA:296,14
DA:297,4
DA:300,10
DA:301,4
DA:304,6
DA:315,3
DA:317,26
DA:322,3
DA:323,3
DA:324,3
DA:328,2
DA:330,1
DA:341,7
DA:342,7
DA:343,7
DA:344,7
DA:361,7
DA:362,2
DA:368,7
DA:369,2
DA:377,7
DA:378,2
DA:381,7
DA:383,2
DA:384,2
DA:386,1
DA:387,1
DA:389,4
DA:392,7
DA:399,6
DA:400,6
DA:401,6
DA:409,6
DA:416,6
DA:418,1
DA:428,9
DA:429,9
DA:430,9
DA:431,9
DA:452,9
DA:453,3
DA:463,9
DA:464,3
DA:470,9
DA:472,2
DA:473,2
DA:475,1
DA:476,1
DA:478,6
DA:481,9
DA:492,8
DA:497,1
DA:502,9
DA:503,9
DA:504,9
DA:510,2
DA:512,7
DA:517,2
DA:518,2
DA:519,2
DA:538,1
DA:539,1
DA:540,1
DA:548,1
DA:555,1
DA:557,1
DA:564,2
DA:565,2
DA:566,2
DA:578,1
DA:579,1
DA:580,1
DA:588,1
DA:595,1
DA:597,1
DA:605,3
DA:606,3
DA:607,3
DA:613,2
DA:615,1
DA:623,4
DA:624,4
DA:625,4
DA:634,2
DA:636,2
DA:645,3
DA:646,3
DA:647,3
DA:657,1
DA:659,2
DA:664,4
DA:665,4
DA:666,4
DA:669,2
DA:671,2
DA:676,2
DA:677,2
DA:708,2
DA:712,1
LF:150
LH:150
BRDA:175,0,0,4
BRDA:175,1,0,8
BRDA:175,1,1,5
BRDA:193,2,0,2
BRDA:193,3,0,9
BRDA:193,3,1,7
BRDA:197,4,0,2
BRDA:197,5,0,7
BRDA:197,5,1,5
BRDA:219,6,0,1
BRDA:219,7,0,7
BRDA:219,7,1,6
BRDA:223,8,0,1
BRDA:223,9,0,6
BRDA:223,9,1,5
BRDA:244,10,0,1
BRDA:244,11,0,6
BRDA:244,11,1,5
BRDA:276,12,0,3
BRDA:276,13,0,29
BRDA:276,13,1,26
BRDA:280,14,0,3
BRDA:280,15,0,26
BRDA:280,15,1,23
BRDA:284,16,0,4
BRDA:284,17,0,23
BRDA:284,17,1,20
BRDA:288,18,0,5
BRDA:289,19,0,19
BRDA:289,19,1,16
BRDA:289,19,2,15
BRDA:296,20,0,4
BRDA:296,21,0,14
BRDA:296,21,1,12
BRDA:300,22,0,4
BRDA:328,23,0,2
BRDA:328,23,1,1
BRDA:328,24,0,1
BRDA:328,24,1,1
BRDA:328,25,0,2
BRDA:328,25,1,1
BRDA:361,26,0,1
BRDA:361,27,0,7
BRDA:361,27,1,2
BRDA:368,28,0,2
BRDA:377,29,0,2
BRDA:381,30,0,2
BRDA:381,30,1,1
BRDA:381,30,2,4
BRDA:452,31,0,3
BRDA:463,32,0,3
BRDA:470,33,0,2
BRDA:470,33,1,1
BRDA:470,33,2,6
BRF:54
BRH:54
end_of_record
TN:
SF:src\repositories\moverSchedule.repository.ts
FN:7,(anonymous_8)
FN:7,(anonymous_9)
FN:83,(anonymous_10)
FNF:3
FNH:0
FNDA:0,(anonymous_8)
FNDA:0,(anonymous_9)
FNDA:0,(anonymous_10)
DA:1,0
DA:3,0
DA:5,0
DA:7,0
DA:8,0
DA:10,0
DA:11,0
DA:14,0
DA:83,0
DA:103,0
DA:108,0
LF:11
LH:0
BRDA:93,0,0,0
BRDA:93,0,1,0
BRDA:97,1,0,0
BRDA:97,1,1,0
BRF:4
BRH:0
end_of_record
TN:
SF:src\repositories\notification.repository.ts
FN:5,(anonymous_8)
FN:10,(anonymous_9)
FN:23,(anonymous_10)
FN:23,(anonymous_11)
FN:30,(anonymous_12)
FN:30,(anonymous_13)
FN:36,(anonymous_14)
FN:36,(anonymous_15)
FNF:8
FNH:0
FNDA:0,(anonymous_8)
FNDA:0,(anonymous_9)
FNDA:0,(anonymous_10)
FNDA:0,(anonymous_11)
FNDA:0,(anonymous_12)
FNDA:0,(anonymous_13)
FNDA:0,(anonymous_14)
FNDA:0,(anonymous_15)
DA:2,0
DA:4,0
DA:10,0
DA:11,0
DA:20,0
DA:23,0
DA:24,0
DA:28,0
DA:30,0
DA:31,0
DA:36,0
DA:37,0
DA:41,0
DA:45,0
LF:14
LH:0
BRF:0
BRH:0
end_of_record
TN:
SF:src\repositories\review.repository.ts
FN:6,(anonymous_8)
FN:6,(anonymous_9)
FN:14,(anonymous_10)
FN:17,(anonymous_11)
FN:53,(anonymous_12)
FN:56,(anonymous_13)
FN:89,(anonymous_14)
FN:92,(anonymous_15)
FN:155,(anonymous_16)
FN:155,(anonymous_17)
FN:176,(anonymous_18)
FN:176,(anonymous_19)
FNF:12
FNH:0
FNDA:0,(anonymous_8)
FNDA:0,(anonymous_9)
FNDA:0,(anonymous_10)
FNDA:0,(anonymous_11)
FNDA:0,(anonymous_12)
FNDA:0,(anonymous_13)
FNDA:0,(anonymous_14)
FNDA:0,(anonymous_15)
FNDA:0,(anonymous_16)
FNDA:0,(anonymous_17)
FNDA:0,(anonymous_18)
FNDA:0,(anonymous_19)
DA:1,0
DA:2,0
DA:4,0
DA:6,0
DA:7,0
DA:17,0
DA:18,0
DA:19,0
DA:20,0
DA:49,0
DA:56,0
DA:57,0
DA:58,0
DA:59,0
DA:85,0
DA:92,0
DA:93,0
DA:94,0
DA:96,0
DA:102,0
DA:103,0
DA:106,0
DA:151,0
DA:155,0
DA:156,0
DA:172,0
DA:176,0
DA:177,0
DA:193,0
LF:29
LH:0
BRDA:102,0,0,0
BRF:1
BRH:0
end_of_record
TN:
SF:src\repositories\user.repository.ts
FN:14,(anonymous_8)
FN:14,(anonymous_9)
FN:38,(anonymous_10)
FN:38,(anonymous_11)
FN:53,(anonymous_12)
FN:53,(anonymous_13)
FN:70,(anonymous_14)
FN:70,(anonymous_15)
FN:92,(anonymous_16)
FN:92,(anonymous_17)
FN:114,(anonymous_18)
FN:117,(anonymous_19)
FN:125,(anonymous_20)
FN:125,(anonymous_21)
FN:162,(anonymous_22)
FN:165,(anonymous_23)
FN:194,(anonymous_24)
FN:197,(anonymous_25)
FN:208,(anonymous_26)
FN:212,(anonymous_27)
FN:250,(anonymous_28)
FN:289,(anonymous_29)
FN:289,(anonymous_30)
FN:298,(anonymous_31)
FN:298,(anonymous_32)
FNF:25
FNH:0
FNDA:0,(anonymous_8)
FNDA:0,(anonymous_9)
FNDA:0,(anonymous_10)
FNDA:0,(anonymous_11)
FNDA:0,(anonymous_12)
FNDA:0,(anonymous_13)
FNDA:0,(anonymous_14)
FNDA:0,(anonymous_15)
FNDA:0,(anonymous_16)
FNDA:0,(anonymous_17)
FNDA:0,(anonymous_18)
FNDA:0,(anonymous_19)
FNDA:0,(anonymous_20)
FNDA:0,(anonymous_21)
FNDA:0,(anonymous_22)
FNDA:0,(anonymous_23)
FNDA:0,(anonymous_24)
FNDA:0,(anonymous_25)
FNDA:0,(anonymous_26)
FNDA:0,(anonymous_27)
FNDA:0,(anonymous_28)
FNDA:0,(anonymous_29)
FNDA:0,(anonymous_30)
FNDA:0,(anonymous_31)
FNDA:0,(anonymous_32)
DA:1,0
DA:14,0
DA:15,0
DA:34,0
DA:38,0
DA:39,0
DA:49,0
DA:53,0
DA:54,0
DA:66,0
DA:70,0
DA:71,0
DA:89,0
DA:92,0
DA:93,0
DA:114,0
DA:117,0
DA:118,0
DA:125,0
DA:126,0
DA:137,0
DA:158,0
DA:162,0
DA:165,0
DA:167,0
DA:171,0
DA:194,0
DA:197,0
DA:198,0
DA:204,0
DA:208,0
DA:212,0
DA:214,0
DA:216,0
DA:217,0
DA:219,0
DA:220,0
DA:222,0
DA:223,0
DA:225,0
DA:226,0
DA:228,0
DA:230,0
DA:235,0
DA:236,0
DA:238,0
DA:239,0
DA:244,0
DA:245,0
DA:250,0
DA:251,0
DA:253,0
DA:255,0
DA:257,0
DA:259,0
DA:263,0
DA:264,0
DA:266,0
DA:267,0
DA:271,0
DA:289,0
DA:290,0
DA:294,0
DA:298,0
DA:299,0
DA:307,0
DA:310,0
LF:67
LH:0
BRDA:201,0,0,0
BRDA:201,0,1,0
BRDA:216,1,0,0
BRDA:219,2,0,0
BRDA:222,3,0,0
BRDA:225,4,0,0
BRDA:228,5,0,0
BRDA:235,6,0,0
BRDA:235,7,0,0
BRDA:235,7,1,0
BRDA:235,8,0,0
BRDA:235,8,1,0
BRDA:238,9,0,0
BRDA:238,10,0,0
BRDA:238,10,1,0
BRDA:238,11,0,0
BRDA:238,11,1,0
BRDA:244,12,0,0
BRDA:251,13,0,0
BRDA:251,13,1,0
BRDA:251,13,2,0
BRDA:251,13,3,0
BRDA:263,14,0,0
BRDA:263,15,0,0
BRDA:263,15,1,0
BRDA:263,16,0,0
BRDA:263,16,1,0
BRDA:266,17,0,0
BRDA:266,18,0,0
BRDA:266,18,1,0
BRDA:266,19,0,0
BRDA:266,19,1,0
BRDA:294,20,0,0
BRDA:294,20,1,0
BRDA:294,21,0,0
BRDA:294,21,1,0
BRDA:294,22,0,0
BRDA:294,22,1,0
BRF:38
BRH:0
end_of_record
TN:
SF:src\services\action.service.ts
FN:5,(anonymous_8)
FN:11,(anonymous_9)
FNF:2
FNH:0
FNDA:0,(anonymous_8)
FNDA:0,(anonymous_9)
DA:2,0
DA:4,0
DA:11,0
DA:12,0
DA:22,0
LF:5
LH:0
BRF:0
BRH:0
end_of_record
TN:
SF:src\services\auth.service.ts
FN:31,(anonymous_8)
FN:31,(anonymous_9)
FN:125,(anonymous_10)
FN:131,(anonymous_11)
FN:165,(anonymous_12)
FN:207,(anonymous_13)
FN:207,(anonymous_14)
FN:222,(anonymous_15)
FN:222,(anonymous_16)
FN:257,(anonymous_17)
FN:257,(anonymous_18)
FN:299,(anonymous_19)
FN:305,(anonymous_20)
FNF:13
FNH:0
FNDA:0,(anonymous_8)
FNDA:0,(anonymous_9)
FNDA:0,(anonymous_10)
FNDA:0,(anonymous_11)
FNDA:0,(anonymous_12)
FNDA:0,(anonymous_13)
FNDA:0,(anonymous_14)
FNDA:0,(anonymous_15)
FNDA:0,(anonymous_16)
FNDA:0,(anonymous_17)
FNDA:0,(anonymous_18)
FNDA:0,(anonymous_19)
FNDA:0,(anonymous_20)
DA:1,0
DA:4,0
DA:5,0
DA:11,0
DA:12,0
DA:13,0
DA:20,0
DA:22,0
DA:31,0
DA:32,0
DA:34,0
DA:37,0
DA:39,0
DA:40,0
DA:44,0
DA:45,0
DA:51,0
DA:55,0
DA:60,0
DA:61,0
DA:68,0
DA:69,0
DA:70,0
DA:71,0
DA:78,0
DA:79,0
DA:82,0
DA:83,0
DA:87,0
DA:88,0
DA:93,0
DA:97,0
DA:100,0
DA:106,0
DA:114,0
DA:115,0
DA:120,0
DA:125,0
DA:131,0
DA:133,0
DA:135,0
DA:136,0
DA:140,0
DA:143,0
DA:146,0
DA:149,0
DA:157,0
DA:158,0
DA:165,0
DA:171,0
DA:172,0
DA:179,0
DA:180,0
DA:181,0
DA:182,0
DA:189,0
DA:190,0
DA:193,0
DA:194,0
DA:197,0
DA:207,0
DA:208,0
DA:209,0
DA:212,0
DA:214,0
DA:215,0
DA:218,0
DA:222,0
DA:223,0
DA:225,0
DA:226,0
DA:229,0
DA:239,0
DA:240,0
DA:243,0
DA:249,0
DA:257,0
DA:258,0
DA:259,0
DA:261,0
DA:262,0
DA:264,0
DA:274,0
DA:276,0
DA:277,0
DA:287,0
DA:295,0
DA:299,0
DA:305,0
DA:306,0
DA:309,0
DA:311,0
DA:313,0
DA:321,0
DA:331,0
DA:336,0
DA:346,0
DA:354,0
DA:361,0
DA:373,0
LF:100
LH:0
BRDA:39,0,0,0
BRDA:44,1,0,0
BRDA:51,2,0,0
BRDA:52,3,0,0
BRDA:52,3,1,0
BRDA:60,4,0,0
BRDA:60,4,1,0
BRDA:65,5,0,0
BRDA:65,5,1,0
BRDA:70,6,0,0
BRDA:75,7,0,0
BRDA:75,7,1,0
BRDA:82,8,0,0
BRDA:82,9,0,0
BRDA:82,9,1,0
BRDA:88,10,0,0
BRDA:88,10,1,0
BRDA:89,11,0,0
BRDA:89,11,1,0
BRDA:89,11,2,0
BRDA:89,12,0,0
BRDA:89,12,1,0
BRDA:89,13,0,0
BRDA:89,13,1,0
BRDA:116,14,0,0
BRDA:116,14,1,0
BRDA:117,15,0,0
BRDA:117,15,1,0
BRDA:118,16,0,0
BRDA:118,16,1,0
BRDA:135,17,0,0
BRDA:157,18,0,0
BRDA:165,19,0,0
BRDA:165,19,1,0
BRDA:171,20,0,0
BRDA:171,20,1,0
BRDA:181,21,0,0
BRDA:193,22,0,0
BRDA:193,23,0,0
BRDA:193,23,1,0
BRDA:208,24,0,0
BRDA:214,25,0,0
BRDA:225,26,0,0
BRDA:234,27,0,0
BRDA:234,27,1,0
BRDA:235,28,0,0
BRDA:235,28,1,0
BRDA:236,29,0,0
BRDA:236,29,1,0
BRDA:239,30,0,0
BRDA:239,31,0,0
BRDA:239,31,1,0
BRDA:259,32,0,0
BRDA:269,33,0,0
BRDA:269,33,1,0
BRDA:270,34,0,0
BRDA:270,34,1,0
BRDA:271,35,0,0
BRDA:271,35,1,0
BRDA:276,36,0,0
BRDA:282,37,0,0
BRDA:282,37,1,0
BRDA:283,38,0,0
BRDA:283,38,1,0
BRDA:284,39,0,0
BRDA:284,39,1,0
BRDA:289,40,0,0
BRDA:289,40,1,0
BRDA:309,41,0,0
BRDA:309,41,1,0
BRDA:326,42,0,0
BRDA:326,42,1,0
BRDA:327,43,0,0
BRDA:327,43,1,0
BRDA:328,44,0,0
BRDA:328,44,1,0
BRF:76
BRH:0
end_of_record
TN:
SF:src\services\customerEstimateRequest.service.ts
FN:28,(anonymous_8)
FN:30,(anonymous_9)
FN:82,(anonymous_10)
FN:84,(anonymous_11)
FN:95,(anonymous_12)
FN:114,(anonymous_13)
FN:141,(anonymous_14)
FN:143,(anonymous_15)
FN:179,(anonymous_16)
FN:181,(anonymous_17)
FN:186,(anonymous_18)
FN:187,(anonymous_19)
FN:194,(anonymous_20)
FN:206,(anonymous_21)
FN:233,(anonymous_22)
FN:236,(anonymous_23)
FN:299,(anonymous_24)
FN:302,(anonymous_25)
FN:311,(anonymous_26)
FN:311,(anonymous_27)
FN:420,(anonymous_28)
FN:423,(anonymous_29)
FN:506,(anonymous_30)
FN:509,(anonymous_31)
FN:548,(anonymous_32)
FN:548,(anonymous_33)
FNF:26
FNH:0
FNDA:0,(anonymous_8)
FNDA:0,(anonymous_9)
FNDA:0,(anonymous_10)
FNDA:0,(anonymous_11)
FNDA:0,(anonymous_12)
FNDA:0,(anonymous_13)
FNDA:0,(anonymous_14)
FNDA:0,(anonymous_15)
FNDA:0,(anonymous_16)
FNDA:0,(anonymous_17)
FNDA:0,(anonymous_18)
FNDA:0,(anonymous_19)
FNDA:0,(anonymous_20)
FNDA:0,(anonymous_21)
FNDA:0,(anonymous_22)
FNDA:0,(anonymous_23)
FNDA:0,(anonymous_24)
FNDA:0,(anonymous_25)
FNDA:0,(anonymous_26)
FNDA:0,(anonymous_27)
FNDA:0,(anonymous_28)
FNDA:0,(anonymous_29)
FNDA:0,(anonymous_30)
FNDA:0,(anonymous_31)
FNDA:0,(anonymous_32)
FNDA:0,(anonymous_33)
DA:1,0
DA:2,0
DA:3,0
DA:4,0
DA:5,0
DA:6,0
DA:26,0
DA:30,0
DA:31,0
DA:33,0
DA:34,0
DA:38,0
DA:42,0
DA:44,0
DA:51,0
DA:56,0
DA:58,0
DA:65,0
DA:69,0
DA:71,0
DA:77,0
DA:84,0
DA:85,0
DA:86,0
DA:87,0
DA:95,0
DA:97,0
DA:101,0
DA:114,0
DA:133,0
DA:143,0
DA:144,0
DA:146,0
DA:147,0
DA:151,0
DA:155,0
DA:158,0
DA:162,0
DA:166,0
DA:168,0
DA:174,0
DA:181,0
DA:182,0
DA:183,0
DA:186,0
DA:187,0
DA:190,0
DA:194,0
DA:206,0
DA:225,0
DA:236,0
DA:237,0
DA:240,0
DA:243,0
DA:244,0
DA:249,0
DA:253,0
DA:254,0
DA:261,0
DA:264,0
DA:265,0
DA:267,0
DA:271,0
DA:276,0
DA:281,0
DA:282,0
DA:284,0
DA:286,0
DA:288,0
DA:294,0
DA:302,0
DA:303,0
DA:306,0
DA:311,0
DA:313,0
DA:323,0
DA:329,0
DA:337,0
DA:355,0
DA:360,0
DA:362,0
DA:366,0
DA:367,0
DA:371,0
DA:388,0
DA:389,0
DA:393,0
DA:409,0
DA:411,0
DA:423,0
DA:424,0
DA:427,0
DA:430,0
DA:431,0
DA:435,0
DA:439,0
DA:440,0
DA:446,0
DA:449,0
DA:450,0
DA:452,0
DA:456,0
DA:461,0
DA:467,0
DA:472,0
DA:473,0
DA:477,0
DA:478,0
DA:491,0
DA:493,0
DA:495,0
DA:501,0
DA:509,0
DA:510,0
DA:513,0
DA:514,0
DA:515,0
DA:518,0
DA:522,0
DA:525,0
DA:526,0
DA:531,0
DA:535,0
DA:536,0
DA:543,0
DA:548,0
DA:550,0
DA:555,0
DA:556,0
DA:561,0
DA:565,0
DA:566,0
DA:569,0
DA:574,0
DA:579,0
DA:587,0
DA:588,0
DA:592,0
DA:593,0
DA:605,0
DA:619,0
DA:621,0
DA:627,0
DA:632,0
LF:144
LH:0
BRDA:33,0,0,0
BRDA:33,1,0,0
BRDA:33,1,1,0
BRDA:42,2,0,0
BRDA:56,3,0,0
BRDA:69,4,0,0
BRDA:86,5,0,0
BRDA:95,6,0,0
BRDA:95,6,1,0
BRDA:95,7,0,0
BRDA:95,7,1,0
BRDA:95,8,0,0
BRDA:95,8,1,0
BRDA:95,9,0,0
BRDA:95,9,1,0
BRDA:114,10,0,0
BRDA:114,10,1,0
BRDA:114,11,0,0
BRDA:114,11,1,0
BRDA:114,12,0,0
BRDA:114,12,1,0
BRDA:114,13,0,0
BRDA:114,13,1,0
BRDA:116,14,0,0
BRDA:116,14,1,0
BRDA:125,15,0,0
BRDA:125,15,1,0
BRDA:127,16,0,0
BRDA:127,16,1,0
BRDA:127,17,0,0
BRDA:127,17,1,0
BRDA:128,18,0,0
BRDA:128,18,1,0
BRDA:128,19,0,0
BRDA:128,19,1,0
BRDA:146,20,0,0
BRDA:146,21,0,0
BRDA:146,21,1,0
BRDA:155,22,0,0
BRDA:155,23,0,0
BRDA:155,23,1,0
BRDA:166,24,0,0
BRDA:183,25,0,0
BRDA:183,26,0,0
BRDA:183,26,1,0
BRDA:208,27,0,0
BRDA:208,27,1,0
BRDA:208,28,0,0
BRDA:208,28,1,0
BRDA:212,29,0,0
BRDA:212,29,1,0
BRDA:217,30,0,0
BRDA:217,30,1,0
BRDA:219,31,0,0
BRDA:219,31,1,0
BRDA:219,32,0,0
BRDA:219,32,1,0
BRDA:220,33,0,0
BRDA:220,33,1,0
BRDA:220,34,0,0
BRDA:220,34,1,0
BRDA:243,35,0,0
BRDA:253,36,0,0
BRDA:264,37,0,0
BRDA:267,38,0,0
BRDA:268,39,0,0
BRDA:268,39,1,0
BRDA:281,40,0,0
BRDA:286,41,0,0
BRDA:366,42,0,0
BRDA:367,43,0,0
BRDA:367,43,1,0
BRDA:375,44,0,0
BRDA:375,44,1,0
BRDA:380,45,0,0
BRDA:380,45,1,0
BRDA:380,46,0,0
BRDA:380,46,1,0
BRDA:380,47,0,0
BRDA:380,47,1,0
BRDA:380,48,0,0
BRDA:380,48,1,0
BRDA:380,49,0,0
BRDA:380,49,1,0
BRDA:381,50,0,0
BRDA:381,50,1,0
BRDA:381,51,0,0
BRDA:381,51,1,0
BRDA:381,52,0,0
BRDA:381,52,1,0
BRDA:388,53,0,0
BRDA:389,54,0,0
BRDA:389,54,1,0
BRDA:397,55,0,0
BRDA:397,55,1,0
BRDA:399,56,0,0
BRDA:399,56,1,0
BRDA:399,57,0,0
BRDA:399,57,1,0
BRDA:399,58,0,0
BRDA:399,58,1,0
BRDA:401,59,0,0
BRDA:401,59,1,0
BRDA:401,60,0,0
BRDA:401,60,1,0
BRDA:401,61,0,0
BRDA:401,61,1,0
BRDA:401,62,0,0
BRDA:401,62,1,0
BRDA:401,63,0,0
BRDA:401,63,1,0
BRDA:402,64,0,0
BRDA:402,64,1,0
BRDA:402,65,0,0
BRDA:402,65,1,0
BRDA:402,66,0,0
BRDA:402,66,1,0
BRDA:412,67,0,0
BRDA:412,67,1,0
BRDA:430,68,0,0
BRDA:439,69,0,0
BRDA:449,70,0,0
BRDA:452,71,0,0
BRDA:453,72,0,0
BRDA:453,72,1,0
BRDA:472,73,0,0
BRDA:477,74,0,0
BRDA:482,75,0,0
BRDA:482,75,1,0
BRDA:485,76,0,0
BRDA:485,76,1,0
BRDA:485,77,0,0
BRDA:485,77,1,0
BRDA:485,78,0,0
BRDA:485,78,1,0
BRDA:485,79,0,0
BRDA:485,79,1,0
BRDA:485,80,0,0
BRDA:485,80,1,0
BRDA:486,81,0,0
BRDA:486,81,1,0
BRDA:486,82,0,0
BRDA:486,82,1,0
BRDA:486,83,0,0
BRDA:486,83,1,0
BRDA:493,84,0,0
BRDA:514,85,0,0
BRDA:525,86,0,0
BRDA:525,87,0,0
BRDA:525,87,1,0
BRDA:535,88,0,0
BRDA:555,89,0,0
BRDA:565,90,0,0
BRDA:587,91,0,0
BRDA:592,92,0,0
BRDA:597,93,0,0
BRDA:597,93,1,0
BRDA:599,94,0,0
BRDA:599,94,1,0
BRDA:599,95,0,0
BRDA:599,95,1,0
BRDA:599,96,0,0
BRDA:599,96,1,0
BRDA:600,97,0,0
BRDA:600,97,1,0
BRDA:600,98,0,0
BRDA:600,98,1,0
BRDA:600,99,0,0
BRDA:600,99,1,0
BRDA:619,100,0,0
BRF:170
BRH:0
end_of_record
TN:
SF:src\services\estimateRequest.service.ts
FN:16,(anonymous_8)
FN:20,(anonymous_10)
FN:24,(anonymous_12)
FN:28,(anonymous_14)
FN:32,(anonymous_16)
FN:36,(anonymous_18)
FN:40,(anonymous_20)
FN:49,(anonymous_22)
FN:77,(anonymous_24)
FN:142,(anonymous_26)
FN:147,(anonymous_28)
FNF:11
FNH:0
FNDA:0,(anonymous_8)
FNDA:0,(anonymous_10)
FNDA:0,(anonymous_12)
FNDA:0,(anonymous_14)
FNDA:0,(anonymous_16)
FNDA:0,(anonymous_18)
FNDA:0,(anonymous_20)
FNDA:0,(anonymous_22)
FNDA:0,(anonymous_24)
FNDA:0,(anonymous_26)
FNDA:0,(anonymous_28)
DA:1,0
DA:2,0
DA:3,0
DA:12,0
DA:17,0
DA:21,0
DA:25,0
DA:29,0
DA:33,0
DA:37,0
DA:41,0
DA:46,0
DA:50,0
DA:52,0
DA:54,0
DA:66,0
DA:74,0
DA:84,0
DA:86,0
DA:87,0
DA:89,0
DA:90,0
DA:92,0
DA:93,0
DA:96,0
DA:97,0
DA:98,0
DA:99,0
DA:102,0
DA:103,0
DA:105,0
DA:107,0
DA:108,0
DA:110,0
DA:111,0
DA:114,0
DA:116,0
DA:117,0
DA:119,0
DA:120,0
DA:123,0
DA:125,0
DA:127,0
DA:128,0
DA:130,0
DA:131,0
DA:134,0
DA:136,0
DA:139,0
DA:143,0
DA:148,0
DA:152,0
LF:52
LH:0
BRDA:86,0,0,0
BRDA:89,1,0,0
BRDA:92,2,0,0
BRDA:96,3,0,0
BRDA:96,4,0,0
BRDA:96,4,1,0
BRDA:98,5,0,0
BRDA:107,6,0,0
BRDA:110,7,0,0
BRDA:116,8,0,0
BRDA:119,9,0,0
BRDA:120,10,0,0
BRDA:120,10,1,0
BRDA:127,11,0,0
BRDA:127,12,0,0
BRDA:127,12,1,0
BRDA:130,13,0,0
BRDA:130,14,0,0
BRDA:130,14,1,0
BRF:19
BRH:0
end_of_record
TN:
SF:src\services\expiration.service.ts
FN:5,(anonymous_8)
FN:5,(anonymous_9)
FN:32,(anonymous_10)
FN:32,(anonymous_11)
FN:159,(anonymous_12)
FN:189,(anonymous_13)
FN:189,(anonymous_14)
FNF:7
FNH:0
FNDA:0,(anonymous_8)
FNDA:0,(anonymous_9)
FNDA:0,(anonymous_10)
FNDA:0,(anonymous_11)
FNDA:0,(anonymous_12)
FNDA:0,(anonymous_13)
FNDA:0,(anonymous_14)
DA:1,0
DA:3,0
DA:5,0
DA:6,0
DA:8,0
DA:27,0
DA:30,0
DA:31,0
DA:32,0
DA:34,0
DA:40,0
DA:49,0
DA:54,0
DA:131,0
DA:157,0
DA:158,0
DA:159,0
DA:161,0
DA:168,0
DA:169,0
DA:172,0
DA:173,0
DA:176,0
DA:183,0
DA:184,0
DA:189,0
DA:190,0
DA:191,0
DA:195,0
LF:29
LH:0
BRDA:30,0,0,0
BRDA:158,1,0,0
BRDA:172,2,0,0
BRDA:172,3,0,0
BRDA:172,3,1,0
BRF:5
BRH:0
end_of_record
TN:
SF:src\services\favorite.service.ts
FN:9,(anonymous_17)
FN:63,(anonymous_19)
FNF:2
FNH:0
FNDA:0,(anonymous_17)
FNDA:0,(anonymous_19)
DA:1,0
DA:2,0
DA:3,0
DA:5,0
DA:7,0
DA:10,0
DA:12,0
DA:14,0
DA:15,0
DA:23,0
DA:26,0
DA:27,0
DA:28,0
DA:29,0
DA:34,0
DA:42,0
DA:44,0
DA:50,0
DA:54,0
DA:64,0
DA:66,0
DA:68,0
DA:69,0
DA:77,0
DA:80,0
DA:81,0
DA:82,0
DA:83,0
DA:88,0
DA:96,0
DA:98,0
DA:104,0
DA:108,0
DA:117,0
LF:34
LH:0
BRDA:14,0,0,0
BRDA:28,1,0,0
BRDA:68,2,0,0
BRDA:82,3,0,0
BRF:4
BRH:0
end_of_record
TN:
SF:src\services\mover.service.ts
FN:21,(anonymous_17)
FN:21,(anonymous_18)
FN:29,(anonymous_19)
FN:41,(anonymous_20)
FN:50,(anonymous_21)
FN:55,(anonymous_22)
FN:92,(anonymous_23)
FN:92,(anonymous_24)
FN:99,(anonymous_25)
FN:118,(anonymous_26)
FN:123,(anonymous_27)
FN:154,(anonymous_28)
FN:154,(anonymous_29)
FN:185,(anonymous_30)
FN:190,(anonymous_31)
FN:223,(anonymous_32)
FN:225,(anonymous_33)
FN:257,(anonymous_34)
FN:260,(anonymous_35)
FNF:19
FNH:0
FNDA:0,(anonymous_17)
FNDA:0,(anonymous_18)
FNDA:0,(anonymous_19)
FNDA:0,(anonymous_20)
FNDA:0,(anonymous_21)
FNDA:0,(anonymous_22)
FNDA:0,(anonymous_23)
FNDA:0,(anonymous_24)
FNDA:0,(anonymous_25)
FNDA:0,(anonymous_26)
FNDA:0,(anonymous_27)
FNDA:0,(anonymous_28)
FNDA:0,(anonymous_29)
FNDA:0,(anonymous_30)
FNDA:0,(anonymous_31)
FNDA:0,(anonymous_32)
FNDA:0,(anonymous_33)
FNDA:0,(anonymous_34)
FNDA:0,(anonymous_35)
DA:5,0
DA:13,0
DA:14,0
DA:15,0
DA:16,0
DA:21,0
DA:22,0
DA:23,0
DA:27,0
DA:29,0
DA:41,0
DA:50,0
DA:55,0
DA:69,0
DA:75,0
DA:85,0
DA:92,0
DA:93,0
DA:94,0
DA:98,0
DA:99,0
DA:118,0
DA:123,0
DA:137,0
DA:147,0
DA:154,0
DA:155,0
DA:156,0
DA:161,0
DA:163,0
DA:165,0
DA:185,0
DA:190,0
DA:205,0
DA:216,0
DA:223,0
DA:225,0
DA:227,0
DA:228,0
DA:229,0
DA:232,0
DA:235,0
DA:237,0
DA:240,0
DA:241,0
DA:251,0
DA:257,0
DA:260,0
DA:261,0
DA:264,0
LF:50
LH:0
BRDA:32,0,0,0
BRDA:32,0,1,0
BRDA:33,1,0,0
BRDA:33,1,1,0
BRDA:34,2,0,0
BRDA:34,2,1,0
BRDA:35,3,0,0
BRDA:35,3,1,0
BRDA:36,4,0,0
BRDA:36,4,1,0
BRDA:37,5,0,0
BRDA:37,5,1,0
BRDA:38,6,0,0
BRDA:38,6,1,0
BRDA:39,7,0,0
BRDA:39,7,1,0
BRDA:40,8,0,0
BRDA:40,8,1,0
BRDA:49,9,0,0
BRDA:49,9,1,0
BRDA:55,10,0,0
BRDA:55,10,1,0
BRDA:58,11,0,0
BRDA:58,11,1,0
BRDA:60,12,0,0
BRDA:60,12,1,0
BRDA:62,13,0,0
BRDA:62,13,1,0
BRDA:99,14,0,0
BRDA:99,14,1,0
BRDA:102,15,0,0
BRDA:102,15,1,0
BRDA:103,16,0,0
BRDA:103,16,1,0
BRDA:104,17,0,0
BRDA:104,17,1,0
BRDA:105,18,0,0
BRDA:105,18,1,0
BRDA:106,19,0,0
BRDA:106,19,1,0
BRDA:107,20,0,0
BRDA:107,20,1,0
BRDA:108,21,0,0
BRDA:108,21,1,0
BRDA:109,22,0,0
BRDA:109,22,1,0
BRDA:110,23,0,0
BRDA:110,23,1,0
BRDA:117,24,0,0
BRDA:117,24,1,0
BRDA:123,25,0,0
BRDA:123,25,1,0
BRDA:126,26,0,0
BRDA:126,26,1,0
BRDA:128,27,0,0
BRDA:128,27,1,0
BRDA:130,28,0,0
BRDA:130,28,1,0
BRDA:158,29,0,0
BRDA:158,29,1,0
BRDA:163,30,0,0
BRDA:168,31,0,0
BRDA:168,31,1,0
BRDA:169,32,0,0
BRDA:169,32,1,0
BRDA:170,33,0,0
BRDA:170,33,1,0
BRDA:171,34,0,0
BRDA:171,34,1,0
BRDA:172,35,0,0
BRDA:172,35,1,0
BRDA:173,36,0,0
BRDA:173,36,1,0
BRDA:174,37,0,0
BRDA:174,37,1,0
BRDA:175,38,0,0
BRDA:175,38,1,0
BRDA:176,39,0,0
BRDA:176,39,1,0
BRDA:177,40,0,0
BRDA:177,40,1,0
BRDA:184,41,0,0
BRDA:184,41,1,0
BRDA:190,42,0,0
BRDA:190,42,1,0
BRDA:193,43,0,0
BRDA:193,43,1,0
BRDA:195,44,0,0
BRDA:195,44,1,0
BRDA:197,45,0,0
BRDA:197,45,1,0
BRDA:209,46,0,0
BRDA:209,46,1,0
BRDA:228,47,0,0
BRDA:235,48,0,0
BRDA:240,49,0,0
BRDA:246,50,0,0
BRDA:246,50,1,0
BRDA:246,51,0,0
BRDA:246,51,1,0
BRDA:246,52,0,0
BRDA:246,52,1,0
BRF:102
BRH:0
end_of_record
TN:
SF:src\services\moverEstimate.service.ts
FN:35,(anonymous_8)
FN:37,(anonymous_9)
FN:104,(anonymous_10)
FN:106,(anonymous_11)
FN:189,(anonymous_12)
FN:191,(anonymous_13)
FN:316,(anonymous_14)
FN:321,(anonymous_15)
FN:365,(anonymous_16)
FN:370,(anonymous_17)
FN:415,(anonymous_18)
FN:427,(anonymous_19)
FN:481,(anonymous_20)
FN:481,(anonymous_21)
FN:512,(anonymous_22)
FN:514,(anonymous_23)
FN:546,(anonymous_24)
FN:548,(anonymous_25)
FN:619,(anonymous_26)
FN:621,(anonymous_27)
FNF:20
FNH:0
FNDA:0,(anonymous_8)
FNDA:0,(anonymous_9)
FNDA:0,(anonymous_10)
FNDA:0,(anonymous_11)
FNDA:0,(anonymous_12)
FNDA:0,(anonymous_13)
FNDA:0,(anonymous_14)
FNDA:0,(anonymous_15)
FNDA:0,(anonymous_16)
FNDA:0,(anonymous_17)
FNDA:0,(anonymous_18)
FNDA:0,(anonymous_19)
FNDA:0,(anonymous_20)
FNDA:0,(anonymous_21)
FNDA:0,(anonymous_22)
FNDA:0,(anonymous_23)
FNDA:0,(anonymous_24)
FNDA:0,(anonymous_25)
FNDA:0,(anonymous_26)
FNDA:0,(anonymous_27)
DA:1,0
DA:2,0
DA:3,0
DA:5,0
DA:33,0
DA:37,0
DA:38,0
DA:40,0
DA:41,0
DA:44,0
DA:48,0
DA:51,0
DA:52,0
DA:55,0
DA:56,0
DA:61,0
DA:65,0
DA:66,0
DA:69,0
DA:70,0
DA:74,0
DA:75,0
DA:80,0
DA:85,0
DA:86,0
DA:91,0
DA:96,0
DA:100,0
DA:104,0
DA:105,0
DA:106,0
DA:109,0
DA:110,0
DA:113,0
DA:114,0
DA:118,0
DA:127,0
DA:128,0
DA:133,0
DA:134,0
DA:135,0
DA:138,0
DA:151,0
DA:161,0
DA:162,0
DA:169,0
DA:177,0
DA:180,0
DA:191,0
DA:192,0
DA:194,0
DA:195,0
DA:198,0
DA:202,0
DA:205,0
DA:206,0
DA:211,0
DA:215,0
DA:216,0
DA:219,0
DA:220,0
DA:224,0
DA:225,0
DA:230,0
DA:235,0
DA:236,0
DA:241,0
DA:246,0
DA:249,0
DA:258,0
DA:259,0
DA:264,0
DA:265,0
DA:266,0
DA:279,0
DA:289,0
DA:290,0
DA:297,0
DA:304,0
DA:307,0
DA:321,0
DA:322,0
DA:324,0
DA:325,0
DA:330,0
DA:334,0
DA:342,0
DA:344,0
DA:345,0
DA:352,0
DA:353,0
DA:356,0
DA:370,0
DA:371,0
DA:373,0
DA:374,0
DA:378,0
DA:385,0
DA:386,0
DA:389,0
DA:391,0
DA:392,0
DA:399,0
DA:403,0
DA:406,0
DA:427,0
DA:428,0
DA:429,0
DA:431,0
DA:432,0
DA:434,0
DA:435,0
DA:438,0
DA:440,0
DA:449,0
DA:453,0
DA:454,0
DA:455,0
DA:463,0
DA:467,0
DA:474,0
DA:476,0
DA:481,0
DA:482,0
DA:484,0
DA:485,0
DA:488,0
DA:489,0
DA:491,0
DA:492,0
DA:499,0
DA:500,0
DA:503,0
DA:514,0
DA:515,0
DA:517,0
DA:518,0
DA:522,0
DA:523,0
DA:525,0
DA:526,0
DA:533,0
DA:534,0
DA:537,0
DA:548,0
DA:549,0
DA:551,0
DA:552,0
DA:555,0
DA:556,0
DA:559,0
DA:565,0
DA:569,0
DA:574,0
DA:575,0
DA:578,0
DA:583,0
DA:584,0
DA:588,0
DA:594,0
DA:595,0
DA:602,0
DA:607,0
DA:610,0
DA:621,0
DA:622,0
DA:624,0
DA:625,0
DA:628,0
DA:629,0
DA:632,0
DA:633,0
DA:636,0
DA:637,0
DA:641,0
DA:646,0
DA:647,0
DA:651,0
DA:655,0
DA:656,0
DA:659,0
DA:665,0
DA:666,0
DA:670,0
DA:677,0
DA:678,0
DA:685,0
DA:691,0
DA:694,0
DA:703,0
LF:190
LH:0
BRDA:40,0,0,0
BRDA:40,1,0,0
BRDA:40,1,1,0
BRDA:44,2,0,0
BRDA:45,3,0,0
BRDA:45,3,1,0
BRDA:51,4,0,0
BRDA:51,5,0,0
BRDA:51,5,1,0
BRDA:51,5,2,0
BRDA:55,6,0,0
BRDA:55,7,0,0
BRDA:55,7,1,0
BRDA:65,8,0,0
BRDA:69,9,0,0
BRDA:74,10,0,0
BRDA:85,11,0,0
BRDA:109,12,0,0
BRDA:109,13,0,0
BRDA:109,13,1,0
BRDA:113,14,0,0
BRDA:113,15,0,0
BRDA:113,15,1,0
BRDA:127,16,0,0
BRDA:134,17,0,0
BRDA:135,18,0,0
BRDA:135,18,1,0
BRDA:142,19,0,0
BRDA:142,19,1,0
BRDA:144,20,0,0
BRDA:144,20,1,0
BRDA:144,21,0,0
BRDA:144,21,1,0
BRDA:144,22,0,0
BRDA:144,22,1,0
BRDA:145,23,0,0
BRDA:145,23,1,0
BRDA:145,24,0,0
BRDA:145,24,1,0
BRDA:145,25,0,0
BRDA:145,25,1,0
BRDA:155,26,0,0
BRDA:155,26,1,0
BRDA:156,27,0,0
BRDA:156,27,1,0
BRDA:161,28,0,0
BRDA:169,29,0,0
BRDA:170,30,0,0
BRDA:170,30,1,0
BRDA:170,30,2,0
BRDA:170,30,3,0
BRDA:170,30,4,0
BRDA:170,30,5,0
BRDA:194,31,0,0
BRDA:194,32,0,0
BRDA:194,32,1,0
BRDA:198,33,0,0
BRDA:199,34,0,0
BRDA:199,34,1,0
BRDA:205,35,0,0
BRDA:205,36,0,0
BRDA:205,36,1,0
BRDA:215,37,0,0
BRDA:219,38,0,0
BRDA:224,39,0,0
BRDA:235,40,0,0
BRDA:258,41,0,0
BRDA:265,42,0,0
BRDA:265,43,0,0
BRDA:265,43,1,0
BRDA:272,44,0,0
BRDA:272,44,1,0
BRDA:272,45,0,0
BRDA:272,45,1,0
BRDA:272,46,0,0
BRDA:272,46,1,0
BRDA:284,47,0,0
BRDA:284,47,1,0
BRDA:289,48,0,0
BRDA:297,49,0,0
BRDA:298,50,0,0
BRDA:298,50,1,0
BRDA:298,50,2,0
BRDA:298,50,3,0
BRDA:298,50,4,0
BRDA:324,51,0,0
BRDA:324,52,0,0
BRDA:324,52,1,0
BRDA:342,53,0,0
BRDA:342,53,1,0
BRDA:344,54,0,0
BRDA:352,55,0,0
BRDA:373,56,0,0
BRDA:373,57,0,0
BRDA:373,57,1,0
BRDA:385,58,0,0
BRDA:385,59,0,0
BRDA:385,59,1,0
BRDA:391,60,0,0
BRDA:399,61,0,0
BRDA:400,62,0,0
BRDA:400,62,1,0
BRDA:434,63,0,0
BRDA:441,64,0,0
BRDA:441,64,1,0
BRDA:453,65,0,0
BRDA:456,66,0,0
BRDA:456,66,1,0
BRDA:468,67,0,0
BRDA:468,67,1,0
BRDA:469,68,0,0
BRDA:469,68,1,0
BRDA:484,69,0,0
BRDA:484,70,0,0
BRDA:484,70,1,0
BRDA:489,71,0,0
BRDA:489,71,1,0
BRDA:491,72,0,0
BRDA:499,73,0,0
BRDA:517,74,0,0
BRDA:517,75,0,0
BRDA:517,75,1,0
BRDA:523,76,0,0
BRDA:523,76,1,0
BRDA:525,77,0,0
BRDA:533,78,0,0
BRDA:551,79,0,0
BRDA:551,80,0,0
BRDA:551,80,1,0
BRDA:555,81,0,0
BRDA:555,82,0,0
BRDA:555,82,1,0
BRDA:559,83,0,0
BRDA:560,84,0,0
BRDA:560,84,1,0
BRDA:574,85,0,0
BRDA:583,86,0,0
BRDA:594,87,0,0
BRDA:602,88,0,0
BRDA:603,89,0,0
BRDA:603,89,1,0
BRDA:603,89,2,0
BRDA:624,90,0,0
BRDA:624,91,0,0
BRDA:624,91,1,0
BRDA:628,92,0,0
BRDA:628,93,0,0
BRDA:628,93,1,0
BRDA:632,94,0,0
BRDA:632,95,0,0
BRDA:632,95,1,0
BRDA:632,95,2,0
BRDA:636,96,0,0
BRDA:636,97,0,0
BRDA:636,97,1,0
BRDA:646,98,0,0
BRDA:655,99,0,0
BRDA:655,100,0,0
BRDA:655,100,1,0
BRDA:665,101,0,0
BRDA:672,102,0,0
BRDA:672,102,1,0
BRDA:673,103,0,0
BRDA:673,103,1,0
BRDA:677,104,0,0
BRDA:685,105,0,0
BRDA:686,106,0,0
BRDA:686,106,1,0
BRDA:686,106,2,0
BRDA:686,106,3,0
BRF:170
BRH:0
end_of_record
TN:
SF:src\services\moverSchedule.service.ts
FN:12,(anonymous_17)
FN:12,(anonymous_18)
FNF:2
FNH:0
FNDA:0,(anonymous_17)
FNDA:0,(anonymous_18)
DA:1,0
DA:2,0
DA:4,0
DA:5,0
DA:8,0
DA:12,0
DA:13,0
DA:14,0
DA:16,0
DA:17,0
DA:19,0
DA:20,0
DA:23,0
DA:24,0
DA:28,0
DA:31,0
DA:35,0
DA:40,0
LF:18
LH:0
BRDA:19,0,0,0
BRDA:23,1,0,0
BRF:2
BRH:0
end_of_record
TN:
SF:src\services\notification.service.ts
FN:6,(anonymous_8)
FN:25,(anonymous_10)
FN:53,(anonymous_11)
FN:53,(anonymous_12)
FN:56,(anonymous_13)
FN:56,(anonymous_14)
FNF:6
FNH:0
FNDA:0,(anonymous_8)
FNDA:0,(anonymous_10)
FNDA:0,(anonymous_11)
FNDA:0,(anonymous_12)
FNDA:0,(anonymous_13)
FNDA:0,(anonymous_14)
DA:2,0
DA:3,0
DA:5,0
DA:12,0
DA:13,0
DA:19,0
DA:25,0
DA:28,0
DA:30,0
DA:31,0
DA:33,0
DA:34,0
DA:36,0
DA:37,0
DA:40,0
DA:51,0
DA:53,0
DA:54,0
DA:56,0
DA:57,0
DA:61,0
LF:21
LH:0
BRDA:11,0,0,0
BRDA:28,1,0,0
BRDA:28,1,1,0
BRDA:28,1,2,0
BRF:4
BRH:0
end_of_record
TN:
SF:src\services\review.service.ts
FN:9,(anonymous_8)
FN:9,(anonymous_9)
FN:41,(anonymous_10)
FN:44,(anonymous_11)
FN:51,(anonymous_12)
FN:51,(anonymous_13)
FN:53,(anonymous_14)
FN:141,(anonymous_15)
FN:144,(anonymous_16)
FN:149,(anonymous_17)
FN:151,(anonymous_18)
FN:244,(anonymous_19)
FN:247,(anonymous_20)
FN:252,(anonymous_21)
FN:254,(anonymous_22)
FN:349,(anonymous_23)
FN:349,(anonymous_24)
FN:364,(anonymous_25)
FNF:18
FNH:0
FNDA:0,(anonymous_8)
FNDA:0,(anonymous_9)
FNDA:0,(anonymous_10)
FNDA:0,(anonymous_11)
FNDA:0,(anonymous_12)
FNDA:0,(anonymous_13)
FNDA:0,(anonymous_14)
FNDA:0,(anonymous_15)
FNDA:0,(anonymous_16)
FNDA:0,(anonymous_17)
FNDA:0,(anonymous_18)
FNDA:0,(anonymous_19)
FNDA:0,(anonymous_20)
FNDA:0,(anonymous_21)
FNDA:0,(anonymous_22)
FNDA:0,(anonymous_23)
FNDA:0,(anonymous_24)
FNDA:0,(anonymous_25)
DA:1,0
DA:2,0
DA:3,0
DA:4,0
DA:5,0
DA:6,0
DA:8,0
DA:9,0
DA:10,0
DA:11,0
DA:14,0
DA:18,0
DA:19,0
DA:28,0
DA:31,0
DA:33,0
DA:37,0
DA:44,0
DA:45,0
DA:47,0
DA:50,0
DA:51,0
DA:52,0
DA:53,0
DA:55,0
DA:57,0
DA:120,0
DA:133,0
DA:137,0
DA:144,0
DA:145,0
DA:147,0
DA:149,0
DA:150,0
DA:151,0
DA:154,0
DA:223,0
DA:236,0
DA:240,0
DA:247,0
DA:248,0
DA:250,0
DA:252,0
DA:253,0
DA:254,0
DA:257,0
DA:326,0
DA:339,0
DA:343,0
DA:349,0
DA:350,0
DA:352,0
DA:363,0
DA:364,0
DA:365,0
DA:368,0
DA:376,0
DA:380,0
DA:384,0
LF:59
LH:0
BRDA:18,0,0,0
BRDA:52,1,0,0
BRDA:52,1,1,0
BRDA:52,2,0,0
BRDA:52,2,1,0
BRDA:55,3,0,0
BRDA:55,3,1,0
BRDA:55,4,0,0
BRDA:55,4,1,0
BRDA:55,5,0,0
BRDA:55,5,1,0
BRDA:55,6,0,0
BRDA:55,6,1,0
BRDA:64,7,0,0
BRDA:64,7,1,0
BRDA:64,8,0,0
BRDA:64,8,1,0
BRDA:64,9,0,0
BRDA:64,9,1,0
BRDA:64,10,0,0
BRDA:64,10,1,0
BRDA:64,11,0,0
BRDA:64,11,1,0
BRDA:64,12,0,0
BRDA:64,12,1,0
BRDA:65,13,0,0
BRDA:65,13,1,0
BRDA:65,14,0,0
BRDA:65,14,1,0
BRDA:65,15,0,0
BRDA:65,15,1,0
BRDA:65,16,0,0
BRDA:65,16,1,0
BRDA:65,17,0,0
BRDA:65,17,1,0
BRDA:65,18,0,0
BRDA:65,18,1,0
BRDA:66,19,0,0
BRDA:66,19,1,0
BRDA:66,20,0,0
BRDA:66,20,1,0
BRDA:66,21,0,0
BRDA:66,21,1,0
BRDA:66,22,0,0
BRDA:66,22,1,0
BRDA:66,23,0,0
BRDA:66,23,1,0
BRDA:66,24,0,0
BRDA:66,24,1,0
BRDA:67,25,0,0
BRDA:67,25,1,0
BRDA:67,26,0,0
BRDA:67,26,1,0
BRDA:67,27,0,0
BRDA:67,27,1,0
BRDA:67,28,0,0
BRDA:67,28,1,0
BRDA:67,29,0,0
BRDA:67,29,1,0
BRDA:67,30,0,0
BRDA:67,30,1,0
BRDA:68,31,0,0
BRDA:68,31,1,0
BRDA:68,32,0,0
BRDA:68,32,1,0
BRDA:68,33,0,0
BRDA:68,33,1,0
BRDA:68,34,0,0
BRDA:68,34,1,0
BRDA:68,35,0,0
BRDA:68,35,1,0
BRDA:68,36,0,0
BRDA:68,36,1,0
BRDA:77,37,0,0
BRDA:77,37,1,0
BRDA:87,38,0,0
BRDA:87,38,1,0
BRDA:99,39,0,0
BRDA:99,39,1,0
BRDA:150,40,0,0
BRDA:150,40,1,0
BRDA:150,41,0,0
BRDA:150,41,1,0
BRDA:150,42,0,0
BRDA:150,42,1,0
BRDA:150,43,0,0
BRDA:150,43,1,0
BRDA:166,44,0,0
BRDA:166,44,1,0
BRDA:166,45,0,0
BRDA:166,45,1,0
BRDA:166,46,0,0
BRDA:166,46,1,0
BRDA:166,47,0,0
BRDA:166,47,1,0
BRDA:167,48,0,0
BRDA:167,48,1,0
BRDA:167,49,0,0
BRDA:167,49,1,0
BRDA:167,50,0,0
BRDA:167,50,1,0
BRDA:167,51,0,0
BRDA:167,51,1,0
BRDA:168,52,0,0
BRDA:168,52,1,0
BRDA:168,53,0,0
BRDA:168,53,1,0
BRDA:168,54,0,0
BRDA:168,54,1,0
BRDA:168,55,0,0
BRDA:168,55,1,0
BRDA:169,56,0,0
BRDA:169,56,1,0
BRDA:169,57,0,0
BRDA:169,57,1,0
BRDA:169,58,0,0
BRDA:169,58,1,0
BRDA:169,59,0,0
BRDA:169,59,1,0
BRDA:173,60,0,0
BRDA:173,60,1,0
BRDA:173,61,0,0
BRDA:173,61,1,0
BRDA:173,62,0,0
BRDA:173,62,1,0
BRDA:173,63,0,0
BRDA:173,63,1,0
BRDA:174,64,0,0
BRDA:174,64,1,0
BRDA:174,65,0,0
BRDA:174,65,1,0
BRDA:174,66,0,0
BRDA:174,66,1,0
BRDA:174,67,0,0
BRDA:174,67,1,0
BRDA:175,68,0,0
BRDA:175,68,1,0
BRDA:175,69,0,0
BRDA:175,69,1,0
BRDA:178,70,0,0
BRDA:178,70,1,0
BRDA:178,71,0,0
BRDA:178,71,1,0
BRDA:178,72,0,0
BRDA:178,72,1,0
BRDA:188,73,0,0
BRDA:188,73,1,0
BRDA:188,74,0,0
BRDA:188,74,1,0
BRDA:188,75,0,0
BRDA:188,75,1,0
BRDA:200,76,0,0
BRDA:200,76,1,0
BRDA:215,77,0,0
BRDA:215,77,1,0
BRDA:215,78,0,0
BRDA:215,78,1,0
BRDA:215,79,0,0
BRDA:215,79,1,0
BRDA:215,80,0,0
BRDA:215,80,1,0
BRDA:216,81,0,0
BRDA:216,81,1,0
BRDA:216,82,0,0
BRDA:216,82,1,0
BRDA:216,83,0,0
BRDA:216,83,1,0
BRDA:216,84,0,0
BRDA:216,84,1,0
BRDA:217,85,0,0
BRDA:217,85,1,0
BRDA:217,86,0,0
BRDA:217,86,1,0
BRDA:217,87,0,0
BRDA:217,87,1,0
BRDA:217,88,0,0
BRDA:217,88,1,0
BRDA:218,89,0,0
BRDA:218,89,1,0
BRDA:218,90,0,0
BRDA:218,90,1,0
BRDA:218,91,0,0
BRDA:218,91,1,0
BRDA:218,92,0,0
BRDA:218,92,1,0
BRDA:253,93,0,0
BRDA:253,93,1,0
BRDA:253,94,0,0
BRDA:253,94,1,0
BRDA:253,95,0,0
BRDA:253,95,1,0
BRDA:253,96,0,0
BRDA:253,96,1,0
BRDA:269,97,0,0
BRDA:269,97,1,0
BRDA:269,98,0,0
BRDA:269,98,1,0
BRDA:269,99,0,0
BRDA:269,99,1,0
BRDA:269,100,0,0
BRDA:269,100,1,0
BRDA:270,101,0,0
BRDA:270,101,1,0
BRDA:270,102,0,0
BRDA:270,102,1,0
BRDA:270,103,0,0
BRDA:270,103,1,0
BRDA:270,104,0,0
BRDA:270,104,1,0
BRDA:271,105,0,0
BRDA:271,105,1,0
BRDA:271,106,0,0
BRDA:271,106,1,0
BRDA:271,107,0,0
BRDA:271,107,1,0
BRDA:271,108,0,0
BRDA:271,108,1,0
BRDA:272,109,0,0
BRDA:272,109,1,0
BRDA:272,110,0,0
BRDA:272,110,1,0
BRDA:272,111,0,0
BRDA:272,111,1,0
BRDA:272,112,0,0
BRDA:272,112,1,0
BRDA:276,113,0,0
BRDA:276,113,1,0
BRDA:276,114,0,0
BRDA:276,114,1,0
BRDA:276,115,0,0
BRDA:276,115,1,0
BRDA:276,116,0,0
BRDA:276,116,1,0
BRDA:277,117,0,0
BRDA:277,117,1,0
BRDA:277,118,0,0
BRDA:277,118,1,0
BRDA:277,119,0,0
BRDA:277,119,1,0
BRDA:277,120,0,0
BRDA:277,120,1,0
BRDA:278,121,0,0
BRDA:278,121,1,0
BRDA:278,122,0,0
BRDA:278,122,1,0
BRDA:281,123,0,0
BRDA:281,123,1,0
BRDA:281,124,0,0
BRDA:281,124,1,0
BRDA:281,125,0,0
BRDA:281,125,1,0
BRDA:291,126,0,0
BRDA:291,126,1,0
BRDA:291,127,0,0
BRDA:291,127,1,0
BRDA:291,128,0,0
BRDA:291,128,1,0
BRDA:303,129,0,0
BRDA:303,129,1,0
BRDA:318,130,0,0
BRDA:318,130,1,0
BRDA:318,131,0,0
BRDA:318,131,1,0
BRDA:318,132,0,0
BRDA:318,132,1,0
BRDA:318,133,0,0
BRDA:318,133,1,0
BRDA:319,134,0,0
BRDA:319,134,1,0
BRDA:319,135,0,0
BRDA:319,135,1,0
BRDA:319,136,0,0
BRDA:319,136,1,0
BRDA:319,137,0,0
BRDA:319,137,1,0
BRDA:320,138,0,0
BRDA:320,138,1,0
BRDA:320,139,0,0
BRDA:320,139,1,0
BRDA:320,140,0,0
BRDA:320,140,1,0
BRDA:320,141,0,0
BRDA:320,141,1,0
BRDA:321,142,0,0
BRDA:321,142,1,0
BRDA:321,143,0,0
BRDA:321,143,1,0
BRDA:321,144,0,0
BRDA:321,144,1,0
BRDA:321,145,0,0
BRDA:321,145,1,0
BRDA:365,146,0,0
BRDA:365,146,1,0
BRF:293
BRH:0
end_of_record
TN:
SF:src\services\translation.service.ts
FN:7,(anonymous_16)
FN:27,(anonymous_17)
FN:34,(anonymous_18)
FN:44,(anonymous_19)
FN:90,(anonymous_21)
FN:91,(anonymous_22)
FN:116,(anonymous_23)
FNF:7
FNH:0
FNDA:0,(anonymous_16)
FNDA:0,(anonymous_17)
FNDA:0,(anonymous_18)
FNDA:0,(anonymous_19)
FNDA:0,(anonymous_21)
FNDA:0,(anonymous_22)
FNDA:0,(anonymous_23)
DA:1,0
DA:3,0
DA:5,0
DA:8,0
DA:9,0
DA:10,0
DA:12,0
DA:18,0
DA:28,0
DA:35,0
DA:49,0
DA:50,0
DA:51,0
DA:55,0
DA:58,0
DA:59,0
DA:63,0
DA:67,0
DA:74,0
DA:76,0
DA:78,0
DA:80,0
DA:91,0
DA:106,0
DA:107,0
DA:110,0
DA:121,0
DA:122,0
DA:125,0
DA:127,0
DA:128,0
DA:131,0
DA:134,0
DA:135,0
DA:136,0
DA:137,0
DA:141,0
DA:144,0
DA:145,0
DA:147,0
DA:149,0
DA:150,0
DA:152,0
DA:160,0
DA:163,0
DA:168,0
LF:46
LH:0
BRDA:9,0,0,0
BRDA:50,1,0,0
BRDA:55,2,0,0
BRDA:55,2,1,0
BRDA:58,3,0,0
BRDA:69,4,0,0
BRDA:69,4,1,0
BRDA:93,5,0,0
BRDA:106,6,0,0
BRDA:121,7,0,0
BRDA:121,8,0,0
BRDA:121,8,1,0
BRDA:125,9,0,0
BRDA:127,10,0,0
BRDA:127,11,0,0
BRDA:127,11,1,0
BRDA:134,12,0,0
BRDA:144,13,0,0
BRDA:149,14,0,0
BRDA:149,14,1,0
BRF:20
BRH:0
end_of_record
TN:
SF:src\services\user.service.ts
FN:30,(anonymous_9)
FN:30,(anonymous_10)
FN:69,(anonymous_11)
FN:69,(anonymous_12)
FN:95,(anonymous_13)
FN:98,(anonymous_14)
FN:144,(anonymous_15)
FN:147,(anonymous_16)
FN:194,(anonymous_17)
FN:197,(anonymous_18)
FN:245,(anonymous_19)
FN:253,(anonymous_20)
FN:298,(anonymous_21)
FN:301,(anonymous_22)
FNF:14
FNH:0
FNDA:0,(anonymous_9)
FNDA:0,(anonymous_10)
FNDA:0,(anonymous_11)
FNDA:0,(anonymous_12)
FNDA:0,(anonymous_13)
FNDA:0,(anonymous_14)
FNDA:0,(anonymous_15)
FNDA:0,(anonymous_16)
FNDA:0,(anonymous_17)
FNDA:0,(anonymous_18)
FNDA:0,(anonymous_19)
FNDA:0,(anonymous_20)
FNDA:0,(anonymous_21)
FNDA:0,(anonymous_22)
DA:1,0
DA:2,0
DA:3,0
DA:7,0
DA:19,0
DA:20,0
DA:24,0
DA:25,0
DA:26,0
DA:27,0
DA:30,0
DA:31,0
DA:33,0
DA:34,0
DA:37,0
DA:38,0
DA:51,0
DA:52,0
DA:69,0
DA:70,0
DA:71,0
DA:73,0
DA:74,0
DA:77,0
DA:78,0
DA:82,0
DA:83,0
DA:84,0
DA:86,0
DA:87,0
DA:90,0
DA:95,0
DA:98,0
DA:100,0
DA:101,0
DA:102,0
DA:106,0
DA:109,0
DA:117,0
DA:124,0
DA:127,0
DA:135,0
DA:144,0
DA:147,0
DA:148,0
DA:149,0
DA:150,0
DA:154,0
DA:155,0
DA:159,0
DA:160,0
DA:165,0
DA:168,0
DA:172,0
DA:173,0
DA:176,0
DA:179,0
DA:190,0
DA:194,0
DA:197,0
DA:199,0
DA:200,0
DA:201,0
DA:205,0
DA:208,0
DA:219,0
DA:226,0
DA:229,0
DA:237,0
DA:245,0
DA:253,0
DA:255,0
DA:256,0
DA:257,0
DA:261,0
DA:262,0
DA:263,0
DA:264,0
DA:266,0
DA:270,0
DA:271,0
DA:276,0
DA:277,0
DA:278,0
DA:280,0
DA:281,0
DA:285,0
DA:286,0
DA:287,0
DA:294,0
DA:298,0
DA:301,0
DA:303,0
DA:304,0
DA:305,0
DA:309,0
DA:312,0
DA:313,0
DA:317,0
DA:318,0
DA:319,0
DA:320,0
DA:321,0
DA:322,0
DA:323,0
LF:105
LH:0
BRDA:33,0,0,0
BRDA:37,1,0,0
BRDA:37,1,1,0
BRDA:42,2,0,0
BRDA:42,2,1,0
BRDA:46,3,0,0
BRDA:46,3,1,0
BRDA:49,4,0,0
BRDA:49,4,1,0
BRDA:51,5,0,0
BRDA:56,6,0,0
BRDA:56,6,1,0
BRDA:60,7,0,0
BRDA:60,7,1,0
BRDA:63,8,0,0
BRDA:63,8,1,0
BRDA:70,9,0,0
BRDA:70,9,1,0
BRDA:73,10,0,0
BRDA:78,11,0,0
BRDA:78,11,1,0
BRDA:83,12,0,0
BRDA:86,13,0,0
BRDA:101,14,0,0
BRDA:149,15,0,0
BRDA:154,16,0,0
BRDA:159,17,0,0
BRDA:172,18,0,0
BRDA:172,18,1,0
BRDA:176,19,0,0
BRDA:176,19,1,0
BRDA:200,20,0,0
BRDA:212,21,0,0
BRDA:212,21,1,0
BRDA:213,22,0,0
BRDA:213,22,1,0
BRDA:214,23,0,0
BRDA:214,23,1,0
BRDA:256,24,0,0
BRDA:261,25,0,0
BRDA:261,26,0,0
BRDA:261,26,1,0
BRDA:263,27,0,0
BRDA:263,28,0,0
BRDA:263,28,1,0
BRDA:270,29,0,0
BRDA:277,30,0,0
BRDA:280,31,0,0
BRDA:285,32,0,0
BRDA:304,33,0,0
BRF:50
BRH:0
end_of_record
